#
# There is insufficient memory for the Java Runtime Environment to continue.
# Native memory allocation (malloc) failed to allocate 65552 bytes for Chunk::new
# Possible reasons:
#   The system is out of physical RAM or swap space
#   The process is running with CompressedOops enabled, and the Java Heap may be blocking the growth of the native heap
# Possible solutions:
#   Reduce memory load on the system
#   Increase physical memory or swap space
#   Check if swap backing store is full
#   Decrease Java heap size (-Xmx/-Xms)
#   Decrease number of Java threads
#   Decrease Java thread stack sizes (-Xss)
#   Set larger code cache with -XX:ReservedCodeCacheSize=
#   JVM is running with Unscaled Compressed Oops mode in which the Java heap is
#     placed in the first 4GB address space. The Java Heap base address is the
#     maximum limit for the native heap growth. Please use -XX:HeapBaseMinAddress
#     to set the Java Heap base and to place the Java Heap above 4GB virtual address.
# This output file may be truncated or incomplete.
#
#  Out of Memory Error (allocation.cpp:389), pid=10256, tid=0x0000000000002984
#
# JRE version: OpenJDK Runtime Environment (8.0_202-b03) (build 1.8.0_202-release-1483-b03)
# Java VM: OpenJDK 64-Bit Server VM (25.202-b03 mixed mode windows-amd64 compressed oops)
# Failed to write core dump. Minidumps are not enabled by default on client versions of Windows
#

---------------  T H R E A D  ---------------

Current thread (0x00000000169e0000):  JavaThread "C2 CompilerThread1" daemon [_thread_in_native, id=10628, stack(0x0000000018130000,0x0000000018230000)]

Stack: [0x0000000018130000,0x0000000018230000]
[error occurred during error reporting (printing stack bounds), id 0xc0000005]

Native frames: (J=compiled Java code, j=interpreted, Vv=VM code, C=native code)


Current CompileTask:
C2:5819814 22534       4       org.objectweb.asm.ClassReader::readMethod (1047 bytes)


---------------  P R O C E S S  ---------------

Java Threads: ( => current thread )
  0x0000000018ec9000 JavaThread "Cache worker for Java compile cache (C:\Users\Babol\AndroidStudioProjects\MyApplication4\.gradle\5.4.1\javaCompile)" [_thread_in_native, id=11400, stack(0x0000000027970000,0x0000000027a70000)]
  0x0000000018ec8000 JavaThread "Cache worker for Java compile cache (C:\Users\Babol\.gradle\caches\5.4.1\javaCompile)" [_thread_blocked, id=7208, stack(0x0000000027770000,0x0000000027870000)]
  0x0000000018ec6800 JavaThread "WorkerExecutor Queue Thread 5" [_thread_blocked, id=2052, stack(0x0000000028370000,0x0000000028470000)]
  0x0000000018ec3000 JavaThread "stdout" [_thread_in_native, id=7392, stack(0x0000000028270000,0x0000000028370000)]
  0x0000000018ec5000 JavaThread "stderr" [_thread_in_native, id=10600, stack(0x0000000028170000,0x0000000028270000)]
  0x0000000018ec3800 JavaThread "stdout" [_thread_in_native, id=11804, stack(0x0000000028070000,0x0000000028170000)]
  0x0000000018ec6000 JavaThread "stderr" [_thread_in_native, id=11884, stack(0x0000000027f70000,0x0000000028070000)]
  0x000000001947e800 JavaThread "stdout" [_thread_in_native, id=11952, stack(0x0000000027e70000,0x0000000027f70000)]
  0x000000001947d000 JavaThread "stderr" [_thread_in_native, id=9944, stack(0x0000000027d70000,0x0000000027e70000)]
  0x000000001dcd0800 JavaThread "stdout" [_thread_in_native, id=892, stack(0x0000000027b70000,0x0000000027c70000)]
  0x000000001dcd7000 JavaThread "stderr" [_thread_in_native, id=11652, stack(0x0000000027a70000,0x0000000027b70000)]
  0x000000001dcd4000 JavaThread "pool-42-thread-1" [_thread_blocked, id=5192, stack(0x0000000027870000,0x0000000027970000)]
  0x000000001dcd3800 JavaThread "WorkerExecutor Queue" [_thread_blocked, id=3808, stack(0x0000000027670000,0x0000000027770000)]
  0x000000001dcc8000 JavaThread "Cache worker for execution history cache (C:\Users\Babol\AndroidStudioProjects\MyApplication4\.gradle\5.4.1\executionHistory)" [_thread_blocked, id=5972, stack(0x0000000027570000,0x0000000027670000)]
  0x000000001dccf000 JavaThread "Execution worker for ':' Thread 3" [_thread_blocked, id=3024, stack(0x0000000027470000,0x0000000027570000)]
  0x000000001dcc9800 JavaThread "Execution worker for ':' Thread 2" [_thread_blocked, id=9976, stack(0x0000000027370000,0x0000000027470000)]
  0x000000001dccc000 JavaThread "Execution worker for ':'" [_thread_blocked, id=3176, stack(0x0000000025e90000,0x0000000025f90000)]
  0x000000001dcca800 JavaThread "Cache worker for file content cache (C:\Users\Babol\AndroidStudioProjects\MyApplication4\.gradle\5.4.1\fileContent)" [_thread_blocked, id=9800, stack(0x0000000025990000,0x0000000025a90000)]
  0x000000001dccd800 JavaThread "Cache worker for Build Output Cleanup Cache (C:\Users\Babol\AndroidStudioProjects\MyApplication4\.gradle\buildOutputCleanup)" [_thread_blocked, id=11912, stack(0x0000000025890000,0x0000000025990000)]
  0x000000001dcce000 JavaThread "Build operations Thread 4" [_thread_blocked, id=10560, stack(0x0000000025790000,0x0000000025890000)]
  0x000000001f815000 JavaThread "Build operations Thread 3" [_thread_blocked, id=4036, stack(0x0000000023ff0000,0x00000000240f0000)]
  0x000000001f814800 JavaThread "Build operations Thread 2" [_thread_blocked, id=1752, stack(0x00000000235f0000,0x00000000236f0000)]
  0x000000001f816800 JavaThread "Build operations" [_thread_blocked, id=11748, stack(0x0000000022af0000,0x0000000022bf0000)]
  0x000000001f813800 JavaThread "Cache worker for cache directory md-rule (C:\Users\Babol\.gradle\caches\5.4.1\md-rule)" [_thread_blocked, id=11792, stack(0x00000000229f0000,0x0000000022af0000)]
  0x000000001f813000 JavaThread "Cache worker for cache directory md-supplier (C:\Users\Babol\.gradle\caches\5.4.1\md-supplier)" [_thread_blocked, id=13064, stack(0x00000000228f0000,0x00000000229f0000)]
  0x000000001f817800 JavaThread "Cache worker for file hash cache (C:\Users\Babol\AndroidStudioProjects\MyApplication4\.gradle\5.4.1\fileHashes)" [_thread_blocked, id=7188, stack(0x0000000020680000,0x0000000020780000)]
  0x000000001f80a800 JavaThread "Thread-425" [_thread_blocked, id=9728, stack(0x0000000020370000,0x0000000020470000)]
  0x000000001f811800 JavaThread "Stdin handler" [_thread_blocked, id=4176, stack(0x000000001e9f0000,0x000000001eaf0000)]
  0x000000001f80d800 JavaThread "Asynchronous log dispatcher for DefaultDaemonConnection: socket connection from /127.0.0.1:2142 to /127.0.0.1:5010" [_thread_blocked, id=4940, stack(0x000000001b280000,0x000000001b380000)]
  0x000000001f80a000 JavaThread "Daemon worker Thread 12" [_thread_blocked, id=6616, stack(0x000000001b180000,0x000000001b280000)]
  0x000000001f80f000 JavaThread "Cancel handler" [_thread_blocked, id=4084, stack(0x000000001b080000,0x000000001b180000)]
  0x000000001f809000 JavaThread "Handler for socket connection from /127.0.0.1:2142 to /127.0.0.1:5010" [_thread_in_native, id=7256, stack(0x000000001ab80000,0x000000001ac80000)]
  0x000000001f80d000 JavaThread "Daemon Thread 12" [_thread_blocked, id=11832, stack(0x000000001aa80000,0x000000001ab80000)]
  0x000000001dcd2800 JavaThread "MarlinRenderer Disposer" daemon [_thread_blocked, id=7348, stack(0x00000000260a0000,0x00000000261a0000)]
  0x000000001dcd5000 JavaThread "Java2D Disposer" daemon [_thread_blocked, id=5204, stack(0x0000000025f90000,0x0000000026090000)]
  0x0000000019480000 JavaThread "Cache worker for file content cache (C:\Users\Babol\.gradle\caches\5.4.1\fileContent)" [_thread_blocked, id=8312, stack(0x0000000024f90000,0x0000000025090000)]
  0x000000001f812000 JavaThread "Memory manager" [_thread_blocked, id=4976, stack(0x0000000023ef0000,0x0000000023ff0000)]
  0x000000001f808800 JavaThread "Cache worker for execution history cache (C:\Users\Babol\.gradle\caches\5.4.1\executionHistory)" [_thread_blocked, id=3476, stack(0x0000000020780000,0x0000000020880000)]
  0x000000001947f800 JavaThread "Cache worker for journal cache (C:\Users\Babol\.gradle\caches\journal-1)" [_thread_blocked, id=13192, stack(0x000000001b580000,0x000000001b680000)]
  0x000000001947b800 JavaThread "File lock request listener" [_thread_in_native, id=7888, stack(0x000000001b480000,0x000000001b580000)]
  0x0000000019481000 JavaThread "Cache worker for file hash cache (C:\Users\Babol\.gradle\caches\5.4.1\fileHashes)" [_thread_blocked, id=9608, stack(0x000000001b380000,0x000000001b480000)]
  0x0000000018ac1800 JavaThread "Daemon periodic checks" [_thread_blocked, id=912, stack(0x000000001a980000,0x000000001aa80000)]
  0x0000000018a8a000 JavaThread "Incoming local TCP Connector on port 2142" [_thread_in_native, id=10960, stack(0x000000001a740000,0x000000001a840000)]
  0x000000001965b000 JavaThread "Daemon health stats" [_thread_blocked, id=11152, stack(0x000000001a100000,0x000000001a200000)]
  0x0000000016a3d800 JavaThread "Service Thread" daemon [_thread_blocked, id=10672, stack(0x0000000018730000,0x0000000018830000)]
  0x0000000018238800 JavaThread "C1 CompilerThread2" daemon [_thread_blocked, id=13304, stack(0x0000000018630000,0x0000000018730000)]
=>0x00000000169e0000 JavaThread "C2 CompilerThread1" daemon [_thread_in_native, id=10628, stack(0x0000000018130000,0x0000000018230000)]
  0x00000000169db800 JavaThread "C2 CompilerThread0" daemon [_thread_in_native, id=5604, stack(0x0000000018030000,0x0000000018130000)]
  0x00000000169e7000 JavaThread "Attach Listener" daemon [_thread_blocked, id=12200, stack(0x0000000017f30000,0x0000000018030000)]
  0x00000000169e6000 JavaThread "Signal Dispatcher" daemon [_thread_blocked, id=3912, stack(0x0000000017e30000,0x0000000017f30000)]
  0x0000000002f6b000 JavaThread "Finalizer" daemon [_thread_blocked, id=7892, stack(0x0000000017c30000,0x0000000017d30000)]
  0x00000000169c9000 JavaThread "Reference Handler" daemon [_thread_blocked, id=12712, stack(0x0000000017b30000,0x0000000017c30000)]
  0x000000000306e800 JavaThread "main" [_thread_blocked, id=3616, stack(0x0000000002c80000,0x0000000002d80000)]

Other Threads:
  0x00000000169a7800 VMThread [stack: 0x0000000017a30000,0x0000000017b30000] [id=5280]
  0x000000001827a000 WatcherThread [stack: 0x0000000018830000,0x0000000018930000] [id=1840]

VM state:not at safepoint (normal execution)

VM Mutex/Monitor currently owned by a thread: None

heap address: 0x00000000a0000000, size: 1536 MB, Compressed Oops mode: 32-bit
Narrow klass base: 0x0000000000000000, Narrow klass shift: 3
Compressed class space size: 1073741824 Address: 0x0000000100000000

Heap:
 PSYoungGen      total 244224K, used 213473K [0x00000000e0000000, 0x00000000f1780000, 0x0000000100000000)
  eden space 209920K, 95% used [0x00000000e0000000,0x00000000ec47c720,0x00000000ecd00000)
  from space 34304K, 35% used [0x00000000ecd00000,0x00000000ed8fc070,0x00000000eee80000)
  to   space 33792K, 0% used [0x00000000ef680000,0x00000000ef680000,0x00000000f1780000)
 ParOldGen       total 149504K, used 46348K [0x00000000a0000000, 0x00000000a9200000, 0x00000000e0000000)
  object space 149504K, 31% used [0x00000000a0000000,0x00000000a2d43238,0x00000000a9200000)
 Metaspace       used 97554K, capacity 104644K, committed 105152K, reserved 1140736K
  class space    used 12222K, capacity 13480K, committed 13568K, reserved 1048576K

Card table byte_map: [0x0000000012430000,0x0000000012740000] byte_map_base: 0x0000000011f30000

Marking Bits: (ParMarkBitMap*) 0x000000006b079f30
 Begin Bits: [0x0000000012d40000, 0x0000000014540000)
 End Bits:   [0x0000000014540000, 0x0000000015d40000)

Polling page: 0x0000000001430000

CodeCache: size=245760Kb used=64932Kb max_used=64932Kb free=180827Kb
 bounds [0x0000000003070000, 0x0000000007040000, 0x0000000012070000]
 total_blobs=18996 nmethods=17995 adapters=912
 compilation: enabled

Compilation events (10 events):
Event: 5819.777 Thread 0x0000000018238800 22540       3       org.objectweb.asm.Type::getReturnType (8 bytes)
Event: 5819.778 Thread 0x0000000018238800 nmethod 22540 0x000000000702ea10 code [0x000000000702eb80, 0x000000000702edb8]
Event: 5819.778 Thread 0x0000000018238800 22541       3       org.gradle.api.internal.tasks.compile.incremental.asm.ClassDependenciesVisitor::visitMethod (12 bytes)
Event: 5819.778 Thread 0x0000000018238800 nmethod 22541 0x000000000702e650 code [0x000000000702e7c0, 0x000000000702e968]
Event: 5819.778 Thread 0x0000000018238800 22542       3       org.gradle.api.internal.tasks.compile.incremental.asm.ClassDependenciesVisitor::visitMethod (67 bytes)
Event: 5819.780 Thread 0x0000000018238800 nmethod 22542 0x0000000007034850 code [0x0000000007034b00, 0x0000000007035ed8]
Event: 5819.780 Thread 0x0000000018238800 22543       3       org.objectweb.asm.Type::getMethodType (16 bytes)
Event: 5819.780 Thread 0x0000000018238800 nmethod 22543 0x000000000702dfd0 code [0x000000000702e140, 0x000000000702e490]
Event: 5819.791 Thread 0x0000000018238800 22544   !   3       org.apache.tools.zip.ZipFile$BoundedInputStream::read (140 bytes)
Event: 5819.793 Thread 0x0000000018238800 nmethod 22544 0x000000000702d090 code [0x000000000702d260, 0x000000000702da28]

GC Heap History (10 events):
Event: 5595.511 GC heap before
{Heap before GC invocations=31 (full 3):
 PSYoungGen      total 254464K, used 254289K [0x00000000e0000000, 0x00000000f2180000, 0x0000000100000000)
  eden space 232960K, 100% used [0x00000000e0000000,0x00000000ee380000,0x00000000ee380000)
  from space 21504K, 99% used [0x00000000eeb80000,0x00000000f00547b0,0x00000000f0080000)
  to   space 31744K, 0% used [0x00000000f0280000,0x00000000f0280000,0x00000000f2180000)
 ParOldGen       total 140800K, used 62949K [0x00000000a0000000, 0x00000000a8980000, 0x00000000e0000000)
  object space 140800K, 44% used [0x00000000a0000000,0x00000000a3d79658,0x00000000a8980000)
 Metaspace       used 91115K, capacity 98310K, committed 98496K, reserved 1134592K
  class space    used 11482K, capacity 12731K, committed 12800K, reserved 1048576K
Event: 5595.544 GC heap after
Heap after GC invocations=31 (full 3):
 PSYoungGen      total 253440K, used 27523K [0x00000000e0000000, 0x00000000f1e80000, 0x0000000100000000)
  eden space 224768K, 0% used [0x00000000e0000000,0x00000000e0000000,0x00000000edb80000)
  from space 28672K, 95% used [0x00000000f0280000,0x00000000f1d60f58,0x00000000f1e80000)
  to   space 34304K, 0% used [0x00000000edb80000,0x00000000edb80000,0x00000000efd00000)
 ParOldGen       total 140800K, used 62957K [0x00000000a0000000, 0x00000000a8980000, 0x00000000e0000000)
  object space 140800K, 44% used [0x00000000a0000000,0x00000000a3d7b658,0x00000000a8980000)
 Metaspace       used 91115K, capacity 98310K, committed 98496K, reserved 1134592K
  class space    used 11482K, capacity 12731K, committed 12800K, reserved 1048576K
}
Event: 5689.723 GC heap before
{Heap before GC invocations=32 (full 3):
 PSYoungGen      total 253440K, used 56872K [0x00000000e0000000, 0x00000000f1e80000, 0x0000000100000000)
  eden space 224768K, 13% used [0x00000000e0000000,0x00000000e1ca9340,0x00000000edb80000)
  from space 28672K, 95% used [0x00000000f0280000,0x00000000f1d60f58,0x00000000f1e80000)
  to   space 34304K, 0% used [0x00000000edb80000,0x00000000edb80000,0x00000000efd00000)
 ParOldGen       total 140800K, used 62957K [0x00000000a0000000, 0x00000000a8980000, 0x00000000e0000000)
  object space 140800K, 44% used [0x00000000a0000000,0x00000000a3d7b658,0x00000000a8980000)
 Metaspace       used 91220K, capacity 98474K, committed 98496K, reserved 1134592K
  class space    used 11500K, capacity 12779K, committed 12800K, reserved 1048576K
Event: 5689.754 GC heap after
Heap after GC invocations=32 (full 3):
 PSYoungGen      total 242688K, used 25349K [0x00000000e0000000, 0x00000000f1900000, 0x0000000100000000)
  eden space 217088K, 0% used [0x00000000e0000000,0x00000000e0000000,0x00000000ed400000)
  from space 25600K, 99% used [0x00000000edb80000,0x00000000ef441410,0x00000000ef480000)
  to   space 35328K, 0% used [0x00000000ef680000,0x00000000ef680000,0x00000000f1900000)
 ParOldGen       total 140800K, used 62965K [0x00000000a0000000, 0x00000000a8980000, 0x00000000e0000000)
  object space 140800K, 44% used [0x00000000a0000000,0x00000000a3d7d658,0x00000000a8980000)
 Metaspace       used 91220K, capacity 98474K, committed 98496K, reserved 1134592K
  class space    used 11500K, capacity 12779K, committed 12800K, reserved 1048576K
}
Event: 5689.754 GC heap before
{Heap before GC invocations=33 (full 4):
 PSYoungGen      total 242688K, used 25349K [0x00000000e0000000, 0x00000000f1900000, 0x0000000100000000)
  eden space 217088K, 0% used [0x00000000e0000000,0x00000000e0000000,0x00000000ed400000)
  from space 25600K, 99% used [0x00000000edb80000,0x00000000ef441410,0x00000000ef480000)
  to   space 35328K, 0% used [0x00000000ef680000,0x00000000ef680000,0x00000000f1900000)
 ParOldGen       total 140800K, used 62965K [0x00000000a0000000, 0x00000000a8980000, 0x00000000e0000000)
  object space 140800K, 44% used [0x00000000a0000000,0x00000000a3d7d658,0x00000000a8980000)
 Metaspace       used 91220K, capacity 98474K, committed 98496K, reserved 1134592K
  class space    used 11500K, capacity 12779K, committed 12800K, reserved 1048576K
Event: 5690.511 GC heap after
Heap after GC invocations=33 (full 4):
 PSYoungGen      total 242688K, used 0K [0x00000000e0000000, 0x00000000f1900000, 0x0000000100000000)
  eden space 217088K, 0% used [0x00000000e0000000,0x00000000e0000000,0x00000000ed400000)
  from space 25600K, 0% used [0x00000000edb80000,0x00000000edb80000,0x00000000ef480000)
  to   space 35328K, 0% used [0x00000000ef680000,0x00000000ef680000,0x00000000f1900000)
 ParOldGen       total 149504K, used 46329K [0x00000000a0000000, 0x00000000a9200000, 0x00000000e0000000)
  object space 149504K, 30% used [0x00000000a0000000,0x00000000a2d3e4f8,0x00000000a9200000)
 Metaspace       used 90108K, capacity 96486K, committed 98496K, reserved 1134592K
  class space    used 11299K, capacity 12451K, committed 12800K, reserved 1048576K
}
Event: 5808.316 GC heap before
{Heap before GC invocations=34 (full 4):
 PSYoungGen      total 242688K, used 217088K [0x00000000e0000000, 0x00000000f1900000, 0x0000000100000000)
  eden space 217088K, 100% used [0x00000000e0000000,0x00000000ed400000,0x00000000ed400000)
  from space 25600K, 0% used [0x00000000edb80000,0x00000000edb80000,0x00000000ef480000)
  to   space 35328K, 0% used [0x00000000ef680000,0x00000000ef680000,0x00000000f1900000)
 ParOldGen       total 149504K, used 46332K [0x00000000a0000000, 0x00000000a9200000, 0x00000000e0000000)
  object space 149504K, 30% used [0x00000000a0000000,0x00000000a2d3f238,0x00000000a9200000)
 Metaspace       used 91467K, capacity 98432K, committed 99136K, reserved 1136640K
  class space    used 11530K, capacity 12780K, committed 12928K, reserved 1048576K
Event: 5808.336 GC heap after
Heap after GC invocations=34 (full 4):
 PSYoungGen      total 236032K, used 15975K [0x00000000e0000000, 0x00000000f1000000, 0x0000000100000000)
  eden space 209920K, 0% used [0x00000000e0000000,0x00000000e0000000,0x00000000ecd00000)
  from space 26112K, 61% used [0x00000000ef680000,0x00000000f0619c58,0x00000000f1000000)
  to   space 34304K, 0% used [0x00000000ecd00000,0x00000000ecd00000,0x00000000eee80000)
 ParOldGen       total 149504K, used 46340K [0x00000000a0000000, 0x00000000a9200000, 0x00000000e0000000)
  object space 149504K, 30% used [0x00000000a0000000,0x00000000a2d41238,0x00000000a9200000)
 Metaspace       used 91467K, capacity 98432K, committed 99136K, reserved 1136640K
  class space    used 11530K, capacity 12780K, committed 12928K, reserved 1048576K
}
Event: 5814.715 GC heap before
{Heap before GC invocations=35 (full 4):
 PSYoungGen      total 236032K, used 225895K [0x00000000e0000000, 0x00000000f1000000, 0x0000000100000000)
  eden space 209920K, 100% used [0x00000000e0000000,0x00000000ecd00000,0x00000000ecd00000)
  from space 26112K, 61% used [0x00000000ef680000,0x00000000f0619c58,0x00000000f1000000)
  to   space 34304K, 0% used [0x00000000ecd00000,0x00000000ecd00000,0x00000000eee80000)
 ParOldGen       total 149504K, used 46340K [0x00000000a0000000, 0x00000000a9200000, 0x00000000e0000000)
  object space 149504K, 30% used [0x00000000a0000000,0x00000000a2d41238,0x00000000a9200000)
 Metaspace       used 92043K, capacity 99076K, committed 99392K, reserved 1136640K
  class space    used 11595K, capacity 12840K, committed 12928K, reserved 1048576K
Event: 5814.744 GC heap after
Heap after GC invocations=35 (full 4):
 PSYoungGen      total 244224K, used 12272K [0x00000000e0000000, 0x00000000f1780000, 0x0000000100000000)
  eden space 209920K, 0% used [0x00000000e0000000,0x00000000e0000000,0x00000000ecd00000)
  from space 34304K, 35% used [0x00000000ecd00000,0x00000000ed8fc070,0x00000000eee80000)
  to   space 33792K, 0% used [0x00000000ef680000,0x00000000ef680000,0x00000000f1780000)
 ParOldGen       total 149504K, used 46348K [0x00000000a0000000, 0x00000000a9200000, 0x00000000e0000000)
  object space 149504K, 31% used [0x00000000a0000000,0x00000000a2d43238,0x00000000a9200000)
 Metaspace       used 92043K, capacity 99076K, committed 99392K, reserved 1136640K
  class space    used 11595K, capacity 12840K, committed 12928K, reserved 1048576K
}

Deoptimization events (10 events):
Event: 5819.560 Thread 0x000000001f814800 Uncommon trap: reason=class_check action=maybe_recompile pc=0x0000000006bfb5ec method=org.objectweb.asm.ClassReader.accept(Lorg/objectweb/asm/ClassVisitor;[Lorg/objectweb/asm/Attribute;I)V @ 742
Event: 5819.560 Thread 0x000000001f815000 Uncommon trap: reason=bimorphic action=maybe_recompile pc=0x0000000006bbe9ec method=org.objectweb.asm.ClassReader.readField(Lorg/objectweb/asm/ClassVisitor;Lorg/objectweb/asm/Context;I)I @ 332
Event: 5819.560 Thread 0x000000001f814800 Uncommon trap: reason=bimorphic action=maybe_recompile pc=0x0000000006bbe9ec method=org.objectweb.asm.ClassReader.readField(Lorg/objectweb/asm/ClassVisitor;Lorg/objectweb/asm/Context;I)I @ 332
Event: 5819.560 Thread 0x000000001f815000 Uncommon trap: reason=bimorphic action=maybe_recompile pc=0x0000000006bbe9ec method=org.objectweb.asm.ClassReader.readField(Lorg/objectweb/asm/ClassVisitor;Lorg/objectweb/asm/Context;I)I @ 332
Event: 5819.560 Thread 0x000000001f815000 Uncommon trap: reason=bimorphic action=maybe_recompile pc=0x0000000006bfb41c method=org.objectweb.asm.ClassReader.accept(Lorg/objectweb/asm/ClassVisitor;[Lorg/objectweb/asm/Attribute;I)V @ 1246
Event: 5819.618 Thread 0x000000001f814800 Uncommon trap: reason=bimorphic action=maybe_recompile pc=0x0000000006bbe9ec method=org.objectweb.asm.ClassReader.readField(Lorg/objectweb/asm/ClassVisitor;Lorg/objectweb/asm/Context;I)I @ 332
Event: 5819.618 Thread 0x000000001f815000 Uncommon trap: reason=predicate action=maybe_recompile pc=0x0000000006bfb148 method=org.objectweb.asm.ClassReader.accept(Lorg/objectweb/asm/ClassVisitor;[Lorg/objectweb/asm/Attribute;I)V @ 833
Event: 5819.618 Thread 0x000000001f815000 Uncommon trap: reason=predicate action=maybe_recompile pc=0x0000000006ba7834 method=org.objectweb.asm.ClassReader.readCode(Lorg/objectweb/asm/MethodVisitor;Lorg/objectweb/asm/Context;I)V @ 1420
Event: 5819.618 Thread 0x000000001f814800 Uncommon trap: reason=bimorphic action=maybe_recompile pc=0x0000000006bfb41c method=org.objectweb.asm.ClassReader.accept(Lorg/objectweb/asm/ClassVisitor;[Lorg/objectweb/asm/Attribute;I)V @ 1246
Event: 5819.692 Thread 0x000000001dcce000 Uncommon trap: reason=class_check action=maybe_recompile pc=0x0000000006259eec method=com.google.common.cache.LocalCache$Segment.storeLoadedValue(Ljava/lang/Object;ILcom/google/common/cache/LocalCache$LoadingValueReference;Ljava/lang/Object;)Z @ 282

Classes redefined (0 events):
No events

Internal exceptions (10 events):
Event: 5807.365 Thread 0x000000001dcd3800 Exception <a 'sun/nio/fs/WindowsException'> (0x00000000eaf60720) thrown at [D:\src\AOSP-openjdk-cygwin\jdk8u\hotspot\src\share\vm\prims\jni.cpp, line 710]
Event: 5807.378 Thread 0x000000001f80a000 Exception <a 'sun/nio/fs/WindowsException'> (0x00000000eb06f788) thrown at [D:\src\AOSP-openjdk-cygwin\jdk8u\hotspot\src\share\vm\prims\jni.cpp, line 710]
Event: 5807.421 Thread 0x000000001dcc9800 Exception <a 'sun/nio/fs/WindowsException'> (0x00000000eb0a6bb8) thrown at [D:\src\AOSP-openjdk-cygwin\jdk8u\hotspot\src\share\vm\prims\jni.cpp, line 710]
Event: 5807.431 Thread 0x000000001dccc000 Exception <a 'sun/nio/fs/WindowsException'> (0x00000000eb118ee8) thrown at [D:\src\AOSP-openjdk-cygwin\jdk8u\hotspot\src\share\vm\prims\jni.cpp, line 710]
Event: 5807.451 Thread 0x000000001dccf000 Exception <a 'sun/nio/fs/WindowsException'> (0x00000000eb0e98a8) thrown at [D:\src\AOSP-openjdk-cygwin\jdk8u\hotspot\src\share\vm\prims\jni.cpp, line 710]
Event: 5807.455 Thread 0x000000001f80a000 Exception <a 'sun/nio/fs/WindowsException'> (0x00000000eb1cacb8) thrown at [D:\src\AOSP-openjdk-cygwin\jdk8u\hotspot\src\share\vm\prims\jni.cpp, line 710]
Event: 5807.469 Thread 0x000000001dcc9800 Exception <a 'sun/nio/fs/WindowsException'> (0x00000000eb2952a0) thrown at [D:\src\AOSP-openjdk-cygwin\jdk8u\hotspot\src\share\vm\prims\jni.cpp, line 710]
Event: 5807.503 Thread 0x000000001f80a000 Exception <a 'sun/nio/fs/WindowsException'> (0x00000000eb2f6d98) thrown at [D:\src\AOSP-openjdk-cygwin\jdk8u\hotspot\src\share\vm\prims\jni.cpp, line 710]
Event: 5807.517 Thread 0x000000001dccc000 Exception <a 'sun/nio/fs/WindowsException'> (0x00000000eb19c208) thrown at [D:\src\AOSP-openjdk-cygwin\jdk8u\hotspot\src\share\vm\prims\jni.cpp, line 710]
Event: 5813.551 Thread 0x000000001dcc9800 Implicit null exception at 0x00000000038fe2dc to 0x00000000038ff839

Events (10 events):
Event: 5819.618 Thread 0x000000001f815000 DEOPT UNPACKING pc=0x00000000030b557b sp=0x00000000240edd58 mode 2
Event: 5819.618 Thread 0x000000001f814800 DEOPT UNPACKING pc=0x00000000030b557b sp=0x00000000236edee8 mode 2
Event: 5819.618 Thread 0x000000001f814800 Uncommon trap: trap_request=0xffffffc6 fr.pc=0x0000000006bfb41c
Event: 5819.618 Thread 0x000000001f814800 DEOPT PACKING pc=0x0000000006bfb41c sp=0x00000000236ee040
Event: 5819.619 Thread 0x000000001f814800 DEOPT UNPACKING pc=0x00000000030b557b sp=0x00000000236edfd0 mode 2
Event: 5819.683 loading class it/unimi/dsi/fastutil/ints/IntOpenHashSet$SetIterator
Event: 5819.683 loading class it/unimi/dsi/fastutil/ints/IntOpenHashSet$SetIterator done
Event: 5819.692 Thread 0x000000001dcce000 Uncommon trap: trap_request=0xffffffde fr.pc=0x0000000006259eec
Event: 5819.692 Thread 0x000000001dcce000 DEOPT PACKING pc=0x0000000006259eec sp=0x000000002588e410
Event: 5819.692 Thread 0x000000001dcce000 DEOPT UNPACKING pc=0x00000000030b557b sp=0x000000002588e3c0 mode 2


Dynamic libraries:
0x00007ff740db0000 - 0x00007ff740de1000 	C:\Program Files\Android\Android Studio\jre\bin\java.exe
0x00007ffd6d6c0000 - 0x00007ffd6d8b0000 	C:\Windows\SYSTEM32\ntdll.dll
0x00007ffd2e140000 - 0x00007ffd2e154000 	C:\Program Files\AVAST Software\Avast\aswhook.dll
0x00007ffd6b8e0000 - 0x00007ffd6b992000 	C:\Windows\System32\KERNEL32.DLL
0x00007ffd6aed0000 - 0x00007ffd6b173000 	C:\Windows\System32\KERNELBASE.dll
0x00007ffd68640000 - 0x00007ffd686cf000 	C:\Windows\SYSTEM32\apphelp.dll
0x00007ffd6c130000 - 0x00007ffd6c1d3000 	C:\Windows\System32\ADVAPI32.dll
0x00007ffd6c9f0000 - 0x00007ffd6ca8e000 	C:\Windows\System32\msvcrt.dll
0x00007ffd6ba70000 - 0x00007ffd6bb07000 	C:\Windows\System32\sechost.dll
0x00007ffd6bf70000 - 0x00007ffd6c090000 	C:\Windows\System32\RPCRT4.dll
0x00007ffd6c850000 - 0x00007ffd6c9e4000 	C:\Windows\System32\USER32.dll
0x00007ffd6aea0000 - 0x00007ffd6aec1000 	C:\Windows\System32\win32u.dll
0x00007ffd6c820000 - 0x00007ffd6c846000 	C:\Windows\System32\GDI32.dll
0x00007ffd6b3e0000 - 0x00007ffd6b574000 	C:\Windows\System32\gdi32full.dll
0x00007ffd6b580000 - 0x00007ffd6b61e000 	C:\Windows\System32\msvcp_win.dll
0x00007ffd6b2b0000 - 0x00007ffd6b3aa000 	C:\Windows\System32\ucrtbase.dll
0x00007ffd5afd0000 - 0x00007ffd5b255000 	C:\Windows\WinSxS\amd64_microsoft.windows.common-controls_6595b64144ccf1df_6.0.18362.535_none_e6c3b34713100821\COMCTL32.dll
0x00007ffd6d190000 - 0x00007ffd6d4c6000 	C:\Windows\System32\combase.dll
0x00007ffd6b230000 - 0x00007ffd6b2b0000 	C:\Windows\System32\bcryptPrimitives.dll
0x00007ffd6c100000 - 0x00007ffd6c12e000 	C:\Windows\System32\IMM32.DLL
0x000000006c280000 - 0x000000006c352000 	C:\Program Files\Android\Android Studio\jre\jre\bin\msvcr100.dll
0x000000006a8b0000 - 0x000000006b0f6000 	C:\Program Files\Android\Android Studio\jre\jre\bin\server\jvm.dll
0x00007ffd6bcc0000 - 0x00007ffd6bcc8000 	C:\Windows\System32\PSAPI.DLL
0x00007ffd595b0000 - 0x00007ffd595b9000 	C:\Windows\SYSTEM32\WSOCK32.dll
0x00007ffd6c090000 - 0x00007ffd6c0ff000 	C:\Windows\System32\WS2_32.dll
0x00007ffd66ae0000 - 0x00007ffd66b04000 	C:\Windows\SYSTEM32\WINMM.dll
0x00007ffd63070000 - 0x00007ffd6307a000 	C:\Windows\SYSTEM32\VERSION.dll
0x00007ffd66ab0000 - 0x00007ffd66add000 	C:\Windows\SYSTEM32\WINMMBASE.dll
0x00007ffd6a670000 - 0x00007ffd6a6ba000 	C:\Windows\System32\cfgmgr32.dll
0x00007ffd67250000 - 0x00007ffd6725f000 	C:\Program Files\Android\Android Studio\jre\jre\bin\verify.dll
0x00007ffd5dda0000 - 0x00007ffd5ddc9000 	C:\Program Files\Android\Android Studio\jre\jre\bin\java.dll
0x00007ffd5dbb0000 - 0x00007ffd5dbc6000 	C:\Program Files\Android\Android Studio\jre\jre\bin\zip.dll
0x00007ffd6ca90000 - 0x00007ffd6d175000 	C:\Windows\System32\SHELL32.dll
0x00007ffd6c700000 - 0x00007ffd6c7a9000 	C:\Windows\System32\shcore.dll
0x00007ffd6a6c0000 - 0x00007ffd6ae3f000 	C:\Windows\System32\windows.storage.dll
0x00007ffd6a630000 - 0x00007ffd6a64f000 	C:\Windows\System32\profapi.dll
0x00007ffd6a5c0000 - 0x00007ffd6a60a000 	C:\Windows\System32\powrprof.dll
0x00007ffd6a590000 - 0x00007ffd6a5a0000 	C:\Windows\System32\UMPDC.dll
0x00007ffd6bf10000 - 0x00007ffd6bf62000 	C:\Windows\System32\shlwapi.dll
0x00007ffd6a610000 - 0x00007ffd6a621000 	C:\Windows\System32\kernel.appcore.dll
0x00007ffd6a650000 - 0x00007ffd6a667000 	C:\Windows\System32\cryptsp.dll
0x00007ffd5b490000 - 0x00007ffd5b4aa000 	C:\Program Files\Android\Android Studio\jre\jre\bin\net.dll
0x00007ffd69e00000 - 0x00007ffd69e67000 	C:\Windows\system32\mswsock.dll
0x00007ffd5adf0000 - 0x00007ffd5ae01000 	C:\Program Files\Android\Android Studio\jre\jre\bin\nio.dll
0x00007ffd4e010000 - 0x00007ffd4e036000 	C:\Users\Babol\.gradle\native\29\windows-amd64\native-platform.dll
0x00007ffd63390000 - 0x00007ffd6339d000 	C:\Program Files\Android\Android Studio\jre\jre\bin\management.dll
0x00007ffd69970000 - 0x00007ffd699a3000 	C:\Windows\system32\rsaenh.dll
0x00007ffd6b3b0000 - 0x00007ffd6b3d6000 	C:\Windows\System32\bcrypt.dll
0x00007ffd6a4b0000 - 0x00007ffd6a4d5000 	C:\Windows\SYSTEM32\USERENV.dll
0x00007ffd69fd0000 - 0x00007ffd69fdc000 	C:\Windows\SYSTEM32\CRYPTBASE.dll
0x00007ffd69b10000 - 0x00007ffd69b4a000 	C:\Windows\SYSTEM32\IPHLPAPI.DLL
0x00007ffd6b8d0000 - 0x00007ffd6b8d8000 	C:\Windows\System32\NSI.dll
0x00007ffd5d7d0000 - 0x00007ffd5d7e6000 	C:\Windows\SYSTEM32\dhcpcsvc6.DLL
0x00007ffd5f570000 - 0x00007ffd5f58c000 	C:\Windows\SYSTEM32\dhcpcsvc.DLL
0x00007ffd69b50000 - 0x00007ffd69c1a000 	C:\Windows\SYSTEM32\DNSAPI.dll
0x00007ffd5a010000 - 0x00007ffd5a034000 	C:\Program Files\Android\Android Studio\jre\jre\bin\sunec.dll
0x00007ffd5a3d0000 - 0x00007ffd5a3da000 	C:\Windows\System32\rasadhlp.dll
0x00007ffd5cee0000 - 0x00007ffd5cf57000 	C:\Windows\System32\fwpuclnt.dll
0x00007ffd63f10000 - 0x00007ffd63f1b000 	C:\Program Files\Android\Android Studio\jre\jre\bin\sunmscapi.dll
0x00007ffd6b620000 - 0x00007ffd6b769000 	C:\Windows\System32\CRYPT32.dll
0x00007ffd6a5a0000 - 0x00007ffd6a5b2000 	C:\Windows\System32\MSASN1.dll
0x00007ffd120a0000 - 0x00007ffd1223c000 	C:\Program Files\Android\Android Studio\jre\jre\bin\awt.dll
0x00007ffd6bbd0000 - 0x00007ffd6bc94000 	C:\Windows\System32\OLEAUT32.dll
0x00007ffd68c40000 - 0x00007ffd68c6d000 	C:\Windows\SYSTEM32\dwmapi.dll
0x00007ffd67260000 - 0x00007ffd67820000 	C:\Windows\SYSTEM32\d2d1.dll
0x00007ffd68780000 - 0x00007ffd68819000 	C:\Windows\system32\uxtheme.dll

VM Arguments:
jvm_args: -Xmx1536m -Dfile.encoding=windows-1252 -Duser.country=US -Duser.language=en -Duser.variant 
java_command: org.gradle.launcher.daemon.bootstrap.GradleDaemon 5.4.1
java_class_path (initial): C:\Users\Babol\.gradle\wrapper\dists\gradle-5.4.1-all\3221gyojl5jsh0helicew7rwx\gradle-5.4.1\lib\gradle-launcher-5.4.1.jar
Launcher Type: SUN_STANDARD

Environment Variables:
JAVA_HOME=C:\Program Files\Java\jdk-13.0.1\bin
PATH=C:\Program Files (x86)\Common Files\Oracle\Java\javapath;C:\Program Files\Microsoft MPI\Bin\;C:\Windows\system32;C:\Windows;C:\Windows\System32\Wbem;C:\Windows\System32\WindowsPowerShell\v1.0\;C:\Windows\System32\OpenSSH\;C:\Program Files\Microsoft SQL Server\Client SDK\ODBC\130\Tools\Binn\;C:\Program Files (x86)\Microsoft SQL Server\140\Tools\Binn\;C:\Program Files\Microsoft SQL Server\140\Tools\Binn\;C:\Program Files\Microsoft SQL Server\140\DTS\Binn\;C:\Program Files (x86)\Microsoft SQL Server\150\DTS\Binn\;C:\Program Files (x86)\Rational\common;C:\Program Files\Git\cmd;C:\Users\Babol\AppData\Local\Microsoft\WindowsApps;C:\Users\Babol\AppData\Local\Programs\Microsoft VS Code\bin;C:\Program Files\Java\jdk-13.0.1\bin;C:\Program Files (x86)\Java\jdk1.8.0_202;
USERNAME=Babol
OS=Windows_NT
PROCESSOR_IDENTIFIER=Intel64 Family 6 Model 61 Stepping 4, GenuineIntel



---------------  S Y S T E M  ---------------

OS: Windows 10.0 , 64 bit Build 18362 (10.0.18362.329)

CPU:total 4 (initial active 4) (2 cores per cpu, 2 threads per core) family 6 model 61 stepping 4, cmov, cx8, fxsr, mmx, sse, sse2, sse3, ssse3, sse4.1, sse4.2, popcnt, avx, avx2, aes, clmul, erms, rtm, 3dnowpref, lzcnt, ht, tsc, tscinvbit, bmi1, bmi2, adx

Memory: 4k page, physical 8255888k(493852k free), swap 23802508k(1852k free)

vm_info: OpenJDK 64-Bit Server VM (25.202-b03) for windows-amd64 JRE (1.8.0_202-release-1483-b03), built by "builder" with MS VC++ 10.0 (VS2010)

time: Fri Feb 07 15:23:16 2020
timezone: SE Asia Standard Time
elapsed time: 5819 seconds (0d 1h 36m 59s)

