#
# There is insufficient memory for the Java Runtime Environment to continue.
# Native memory allocation (malloc) failed to allocate 1838944 bytes for Chunk::new
# Possible reasons:
#   The system is out of physical RAM or swap space
#   The process is running with CompressedOops enabled, and the Java Heap may be blocking the growth of the native heap
# Possible solutions:
#   Reduce memory load on the system
#   Increase physical memory or swap space
#   Check if swap backing store is full
#   Decrease Java heap size (-Xmx/-Xms)
#   Decrease number of Java threads
#   Decrease Java thread stack sizes (-Xss)
#   Set larger code cache with -XX:ReservedCodeCacheSize=
#   JVM is running with Unscaled Compressed Oops mode in which the Java heap is
#     placed in the first 4GB address space. The Java Heap base address is the
#     maximum limit for the native heap growth. Please use -XX:HeapBaseMinAddress
#     to set the Java Heap base and to place the Java Heap above 4GB virtual address.
# This output file may be truncated or incomplete.
#
#  Out of Memory Error (allocation.cpp:389), pid=13212, tid=0x0000000000000b74
#
# JRE version: OpenJDK Runtime Environment (8.0_202-b03) (build 1.8.0_202-release-1483-b03)
# Java VM: OpenJDK 64-Bit Server VM (25.202-b03 mixed mode windows-amd64 compressed oops)
# Failed to write core dump. Minidumps are not enabled by default on client versions of Windows
#

---------------  T H R E A D  ---------------

Current thread (0x0000000016878800):  JavaThread "C2 CompilerThread1" daemon [_thread_in_native, id=2932, stack(0x0000000017fc0000,0x00000000180c0000)]

Stack: [0x0000000017fc0000,0x00000000180c0000]
[error occurred during error reporting (printing stack bounds), id 0xc0000005]

Native frames: (J=compiled Java code, j=interpreted, Vv=VM code, C=native code)


Current CompileTask:
C2:  32100 11512 %     4       com.android.tools.r8.ir.regalloc.LinearScanRegisterAllocator::a @ 2072 (3743 bytes)


---------------  P R O C E S S  ---------------

Java Threads: ( => current thread )
  0x000000001c9f9800 JavaThread "WorkerExecutor Queue" [_thread_blocked, id=9924, stack(0x00000000249e0000,0x0000000024ae0000)]
  0x000000001c9f8000 JavaThread "Cache worker for Java compile cache (C:\Users\Babol\AndroidStudioProjects\MyApplication4\.gradle\5.4.1\javaCompile)" [_thread_blocked, id=12468, stack(0x00000000230a0000,0x00000000231a0000)]
  0x000000001c9f7800 JavaThread "Cache worker for Java compile cache (C:\Users\Babol\.gradle\caches\5.4.1\javaCompile)" [_thread_blocked, id=10324, stack(0x0000000022fa0000,0x00000000230a0000)]
  0x000000001c9f2000 JavaThread "Cache worker for execution history cache (C:\Users\Babol\AndroidStudioProjects\MyApplication4\.gradle\5.4.1\executionHistory)" [_thread_blocked, id=6412, stack(0x0000000022ea0000,0x0000000022fa0000)]
  0x000000001c9f6000 JavaThread "Execution worker for ':' Thread 3" [_thread_in_vm, id=11852, stack(0x0000000022da0000,0x0000000022ea0000)]
  0x000000001c9f9000 JavaThread "Execution worker for ':' Thread 2" [_thread_in_Java, id=11232, stack(0x0000000022ca0000,0x0000000022da0000)]
  0x000000001c9f4800 JavaThread "Execution worker for ':'" [_thread_in_native, id=3600, stack(0x0000000022ba0000,0x0000000022ca0000)]
  0x000000001c9f5000 JavaThread "Cache worker for file content cache (C:\Users\Babol\AndroidStudioProjects\MyApplication4\.gradle\5.4.1\fileContent)" [_thread_blocked, id=3900, stack(0x00000000226a0000,0x00000000227a0000)]
  0x000000001c9f3800 JavaThread "Cache worker for file content cache (C:\Users\Babol\.gradle\caches\5.4.1\fileContent)" [_thread_blocked, id=6192, stack(0x00000000220d0000,0x00000000221d0000)]
  0x000000001bd2a800 JavaThread "Memory manager" [_thread_blocked, id=5672, stack(0x00000000219a0000,0x0000000021aa0000)]
  0x000000001bd2c000 JavaThread "Cache worker for Build Output Cleanup Cache (C:\Users\Babol\AndroidStudioProjects\MyApplication4\.gradle\buildOutputCleanup)" [_thread_blocked, id=13152, stack(0x00000000216a0000,0x00000000217a0000)]
  0x000000001bd2f000 JavaThread "Build operations Thread 4" [_thread_blocked, id=11716, stack(0x00000000213a0000,0x00000000214a0000)]
  0x000000001bd2d000 JavaThread "Build operations Thread 3" [_thread_blocked, id=13008, stack(0x00000000212a0000,0x00000000213a0000)]
  0x000000001bd30000 JavaThread "Build operations Thread 2" [_thread_blocked, id=1244, stack(0x0000000020d20000,0x0000000020e20000)]
  0x000000001bd2e800 JavaThread "Build operations" [_thread_blocked, id=9444, stack(0x0000000020c20000,0x0000000020d20000)]
  0x000000001bd2b800 JavaThread "Cache worker for execution history cache (C:\Users\Babol\.gradle\caches\5.4.1\executionHistory)" [_thread_in_native, id=4288, stack(0x0000000020920000,0x0000000020a20000)]
  0x0000000019433800 JavaThread "Cache worker for cache directory md-rule (C:\Users\Babol\.gradle\caches\5.4.1\md-rule)" [_thread_blocked, id=368, stack(0x0000000020820000,0x0000000020920000)]
  0x0000000019432000 JavaThread "Cache worker for cache directory md-supplier (C:\Users\Babol\.gradle\caches\5.4.1\md-supplier)" [_thread_blocked, id=428, stack(0x000000001ec60000,0x000000001ed60000)]
  0x0000000019434000 JavaThread "Cache worker for file hash cache (C:\Users\Babol\AndroidStudioProjects\MyApplication4\.gradle\5.4.1\fileHashes)" [_thread_blocked, id=12592, stack(0x000000001e940000,0x000000001ea40000)]
  0x0000000019435000 JavaThread "Cache worker for journal cache (C:\Users\Babol\.gradle\caches\journal-1)" [_thread_blocked, id=4152, stack(0x000000001b410000,0x000000001b510000)]
  0x000000001942e000 JavaThread "File lock request listener" [_thread_in_native, id=5872, stack(0x000000001b310000,0x000000001b410000)]
  0x00000000197d8800 JavaThread "Cache worker for file hash cache (C:\Users\Babol\.gradle\caches\5.4.1\fileHashes)" [_thread_in_native, id=8072, stack(0x000000001b210000,0x000000001b310000)]
  0x00000000194ed800 JavaThread "Thread-9" [_thread_blocked, id=11584, stack(0x000000001b110000,0x000000001b210000)]
  0x00000000194ed000 JavaThread "Stdin handler" [_thread_blocked, id=3984, stack(0x000000001b010000,0x000000001b110000)]
  0x00000000194ec000 JavaThread "Asynchronous log dispatcher for DefaultDaemonConnection: socket connection from /127.0.0.1:5019 to /127.0.0.1:5020" [_thread_blocked, id=10132, stack(0x000000001af10000,0x000000001b010000)]
  0x00000000185a6800 JavaThread "Daemon worker" [_thread_in_Java, id=6508, stack(0x000000001ae10000,0x000000001af10000)]
  0x00000000183da800 JavaThread "Cancel handler" [_thread_blocked, id=10104, stack(0x000000001ad10000,0x000000001ae10000)]
  0x000000001896e000 JavaThread "Handler for socket connection from /127.0.0.1:5019 to /127.0.0.1:5020" [_thread_in_native, id=8008, stack(0x000000001aa10000,0x000000001ab10000)]
  0x000000001896d000 JavaThread "Daemon" [_thread_blocked, id=6148, stack(0x000000001a910000,0x000000001aa10000)]
  0x0000000018f4a000 JavaThread "Daemon periodic checks" [_thread_blocked, id=10012, stack(0x000000001a810000,0x000000001a910000)]
  0x0000000018560800 JavaThread "Incoming local TCP Connector on port 5019" [_thread_in_native, id=8488, stack(0x000000001a5d0000,0x000000001a6d0000)]
  0x0000000019bd6800 JavaThread "Daemon health stats" [_thread_blocked, id=700, stack(0x0000000019f90000,0x000000001a090000)]
  0x00000000168ab800 JavaThread "Service Thread" daemon [_thread_blocked, id=11396, stack(0x00000000185c0000,0x00000000186c0000)]
  0x000000001689b800 JavaThread "C1 CompilerThread2" daemon [_thread_blocked, id=1516, stack(0x00000000180c0000,0x00000000181c0000)]
=>0x0000000016878800 JavaThread "C2 CompilerThread1" daemon [_thread_in_native, id=2932, stack(0x0000000017fc0000,0x00000000180c0000)]
  0x0000000016859000 JavaThread "C2 CompilerThread0" daemon [_thread_in_native, id=12444, stack(0x0000000017ec0000,0x0000000017fc0000)]
  0x0000000016858000 JavaThread "Attach Listener" daemon [_thread_blocked, id=4416, stack(0x0000000017dc0000,0x0000000017ec0000)]
  0x0000000016856800 JavaThread "Signal Dispatcher" daemon [_thread_blocked, id=13256, stack(0x0000000017cc0000,0x0000000017dc0000)]
  0x0000000002edb000 JavaThread "Finalizer" daemon [_thread_blocked, id=5152, stack(0x0000000017ac0000,0x0000000017bc0000)]
  0x0000000016839000 JavaThread "Reference Handler" daemon [_thread_blocked, id=4552, stack(0x00000000179c0000,0x0000000017ac0000)]
  0x0000000002c6e800 JavaThread "main" [_thread_blocked, id=10024, stack(0x0000000002c70000,0x0000000002d70000)]

Other Threads:
  0x0000000016816800 VMThread [stack: 0x00000000178c0000,0x00000000179c0000] [id=1248]
  0x00000000168ad000 WatcherThread [stack: 0x00000000186c0000,0x00000000187c0000] [id=7796]

VM state:not at safepoint (normal execution)

VM Mutex/Monitor currently owned by a thread: None

heap address: 0x00000000a0000000, size: 1536 MB, Compressed Oops mode: 32-bit
Narrow klass base: 0x0000000000000000, Narrow klass shift: 3
Compressed class space size: 1073741824 Address: 0x0000000100000000

Heap:
 PSYoungGen      total 217088K, used 112763K [0x00000000e0000000, 0x00000000eeb80000, 0x0000000100000000)
  eden space 194560K, 51% used [0x00000000e0000000,0x00000000e6243100,0x00000000ebe00000)
  from space 22528K, 59% used [0x00000000ebe00000,0x00000000ecb1a2a0,0x00000000ed400000)
  to   space 19456K, 0% used [0x00000000ed400000,0x00000000ed400000,0x00000000ee700000)
 ParOldGen       total 132608K, used 36137K [0x00000000a0000000, 0x00000000a8180000, 0x00000000e0000000)
  object space 132608K, 27% used [0x00000000a0000000,0x00000000a234a478,0x00000000a8180000)
 Metaspace       used 76623K, capacity 79610K, committed 79704K, reserved 1118208K
  class space    used 10198K, capacity 10794K, committed 10880K, reserved 1048576K

Card table byte_map: [0x00000000122a0000,0x00000000125b0000] byte_map_base: 0x0000000011da0000

Marking Bits: (ParMarkBitMap*) 0x000000006b079f30
 Begin Bits: [0x0000000012bb0000, 0x00000000143b0000)
 End Bits:   [0x00000000143b0000, 0x0000000015bb0000)

Polling page: 0x0000000001440000

CodeCache: size=245760Kb used=36000Kb max_used=36000Kb free=209759Kb
 bounds [0x0000000002ee0000, 0x0000000005230000, 0x0000000011ee0000]
 total_blobs=12030 nmethods=11198 adapters=743
 compilation: enabled

Compilation events (10 events):
Event: 31.998 Thread 0x000000001689b800 nmethod 12703 0x00000000051ed110 code [0x00000000051ed420, 0x00000000051eeed8]
Event: 31.998 Thread 0x0000000016859000 nmethod 11848 0x00000000051f1010 code [0x00000000051f2d00, 0x00000000051fcfb8]
Event: 31.999 Thread 0x0000000016859000 12586       4       com.android.tools.r8.ir.conversion.X::b (510 bytes)
Event: 31.999 Thread 0x000000001689b800 12704       2       com.android.tools.r8.graph.DexItemFactory::createMethod (12 bytes)
Event: 32.000 Thread 0x000000001689b800 nmethod 12704 0x00000000051ecd10 code [0x00000000051ece80, 0x00000000051ed038]
Event: 32.056 Thread 0x000000001689b800 12706       2       com.android.tools.r8.m.a.a.b.i0::p (8 bytes)
Event: 32.056 Thread 0x000000001689b800 nmethod 12706 0x00000000051ec890 code [0x00000000051ec9e0, 0x00000000051ecc10]
Event: 32.058 Thread 0x000000001689b800 12707       2       com.android.tools.r8.t.a.a.B::a (148 bytes)
Event: 32.059 Thread 0x000000001689b800 nmethod 12707 0x00000000051eb350 code [0x00000000051eb580, 0x00000000051ebfc8]
Event: 32.063 Thread 0x000000001689b800 12708       2       com.android.tools.r8.ir.conversion.N::a (5667 bytes)

GC Heap History (10 events):
Event: 19.804 GC heap before
{Heap before GC invocations=16 (full 3):
 PSYoungGen      total 183296K, used 164864K [0x00000000e0000000, 0x00000000edb80000, 0x0000000100000000)
  eden space 164864K, 100% used [0x00000000e0000000,0x00000000ea100000,0x00000000ea100000)
  from space 18432K, 0% used [0x00000000eb380000,0x00000000eb380000,0x00000000ec580000)
  to   space 18944K, 0% used [0x00000000ea100000,0x00000000ea100000,0x00000000eb380000)
 ParOldGen       total 132608K, used 28618K [0x00000000a0000000, 0x00000000a8180000, 0x00000000e0000000)
  object space 132608K, 21% used [0x00000000a0000000,0x00000000a1bf2908,0x00000000a8180000)
 Metaspace       used 65581K, capacity 67506K, committed 67800K, reserved 1107968K
  class space    used 8751K, capacity 9168K, committed 9216K, reserved 1048576K
Event: 19.833 GC heap after
Heap after GC invocations=16 (full 3):
 PSYoungGen      total 183808K, used 12722K [0x00000000e0000000, 0x00000000ee700000, 0x0000000100000000)
  eden space 164864K, 0% used [0x00000000e0000000,0x00000000e0000000,0x00000000ea100000)
  from space 18944K, 67% used [0x00000000ea100000,0x00000000ead6c908,0x00000000eb380000)
  to   space 19456K, 0% used [0x00000000ed400000,0x00000000ed400000,0x00000000ee700000)
 ParOldGen       total 132608K, used 28626K [0x00000000a0000000, 0x00000000a8180000, 0x00000000e0000000)
  object space 132608K, 21% used [0x00000000a0000000,0x00000000a1bf4908,0x00000000a8180000)
 Metaspace       used 65581K, capacity 67506K, committed 67800K, reserved 1107968K
  class space    used 8751K, capacity 9168K, committed 9216K, reserved 1048576K
}
Event: 23.977 GC heap before
{Heap before GC invocations=17 (full 3):
 PSYoungGen      total 183808K, used 177586K [0x00000000e0000000, 0x00000000ee700000, 0x0000000100000000)
  eden space 164864K, 100% used [0x00000000e0000000,0x00000000ea100000,0x00000000ea100000)
  from space 18944K, 67% used [0x00000000ea100000,0x00000000ead6c908,0x00000000eb380000)
  to   space 19456K, 0% used [0x00000000ed400000,0x00000000ed400000,0x00000000ee700000)
 ParOldGen       total 132608K, used 28626K [0x00000000a0000000, 0x00000000a8180000, 0x00000000e0000000)
  object space 132608K, 21% used [0x00000000a0000000,0x00000000a1bf4908,0x00000000a8180000)
 Metaspace       used 74609K, capacity 77416K, committed 77528K, reserved 1116160K
  class space    used 10077K, capacity 10647K, committed 10752K, reserved 1048576K
Event: 24.030 GC heap after
Heap after GC invocations=17 (full 3):
 PSYoungGen      total 214016K, used 19453K [0x00000000e0000000, 0x00000000eeb80000, 0x0000000100000000)
  eden space 194560K, 0% used [0x00000000e0000000,0x00000000e0000000,0x00000000ebe00000)
  from space 19456K, 99% used [0x00000000ed400000,0x00000000ee6ff7f0,0x00000000ee700000)
  to   space 22528K, 0% used [0x00000000ebe00000,0x00000000ebe00000,0x00000000ed400000)
 ParOldGen       total 132608K, used 29554K [0x00000000a0000000, 0x00000000a8180000, 0x00000000e0000000)
  object space 132608K, 22% used [0x00000000a0000000,0x00000000a1cdc8a0,0x00000000a8180000)
 Metaspace       used 74609K, capacity 77416K, committed 77528K, reserved 1116160K
  class space    used 10077K, capacity 10647K, committed 10752K, reserved 1048576K
}
Event: 26.752 GC heap before
{Heap before GC invocations=18 (full 3):
 PSYoungGen      total 214016K, used 214013K [0x00000000e0000000, 0x00000000eeb80000, 0x0000000100000000)
  eden space 194560K, 100% used [0x00000000e0000000,0x00000000ebe00000,0x00000000ebe00000)
  from space 19456K, 99% used [0x00000000ed400000,0x00000000ee6ff7f0,0x00000000ee700000)
  to   space 22528K, 0% used [0x00000000ebe00000,0x00000000ebe00000,0x00000000ed400000)
 ParOldGen       total 132608K, used 29554K [0x00000000a0000000, 0x00000000a8180000, 0x00000000e0000000)
  object space 132608K, 22% used [0x00000000a0000000,0x00000000a1cdc8a0,0x00000000a8180000)
 Metaspace       used 76091K, capacity 79078K, committed 79320K, reserved 1118208K
  class space    used 10164K, capacity 10746K, committed 10752K, reserved 1048576K
Event: 26.851 GC heap after
Heap after GC invocations=18 (full 3):
 PSYoungGen      total 217088K, used 7648K [0x00000000e0000000, 0x00000000eeb80000, 0x0000000100000000)
  eden space 194560K, 0% used [0x00000000e0000000,0x00000000e0000000,0x00000000ebe00000)
  from space 22528K, 33% used [0x00000000ebe00000,0x00000000ec5781d8,0x00000000ed400000)
  to   space 19456K, 0% used [0x00000000ed400000,0x00000000ed400000,0x00000000ee700000)
 ParOldGen       total 132608K, used 36129K [0x00000000a0000000, 0x00000000a8180000, 0x00000000e0000000)
  object space 132608K, 27% used [0x00000000a0000000,0x00000000a2348478,0x00000000a8180000)
 Metaspace       used 76091K, capacity 79078K, committed 79320K, reserved 1118208K
  class space    used 10164K, capacity 10746K, committed 10752K, reserved 1048576K
}
Event: 29.054 GC heap before
{Heap before GC invocations=19 (full 3):
 PSYoungGen      total 217088K, used 202208K [0x00000000e0000000, 0x00000000eeb80000, 0x0000000100000000)
  eden space 194560K, 100% used [0x00000000e0000000,0x00000000ebe00000,0x00000000ebe00000)
  from space 22528K, 33% used [0x00000000ebe00000,0x00000000ec5781d8,0x00000000ed400000)
  to   space 19456K, 0% used [0x00000000ed400000,0x00000000ed400000,0x00000000ee700000)
 ParOldGen       total 132608K, used 36129K [0x00000000a0000000, 0x00000000a8180000, 0x00000000e0000000)
  object space 132608K, 27% used [0x00000000a0000000,0x00000000a2348478,0x00000000a8180000)
 Metaspace       used 76304K, capacity 79234K, committed 79320K, reserved 1118208K
  class space    used 10178K, capacity 10750K, committed 10752K, reserved 1048576K
Event: 29.093 GC heap after
Heap after GC invocations=19 (full 3):
 PSYoungGen      total 214016K, used 9194K [0x00000000e0000000, 0x00000000eeb80000, 0x0000000100000000)
  eden space 194560K, 0% used [0x00000000e0000000,0x00000000e0000000,0x00000000ebe00000)
  from space 19456K, 47% used [0x00000000ed400000,0x00000000edcfabf8,0x00000000ee700000)
  to   space 22528K, 0% used [0x00000000ebe00000,0x00000000ebe00000,0x00000000ed400000)
 ParOldGen       total 132608K, used 36129K [0x00000000a0000000, 0x00000000a8180000, 0x00000000e0000000)
  object space 132608K, 27% used [0x00000000a0000000,0x00000000a2348478,0x00000000a8180000)
 Metaspace       used 76304K, capacity 79234K, committed 79320K, reserved 1118208K
  class space    used 10178K, capacity 10750K, committed 10752K, reserved 1048576K
}
Event: 31.157 GC heap before
{Heap before GC invocations=20 (full 3):
 PSYoungGen      total 214016K, used 203754K [0x00000000e0000000, 0x00000000eeb80000, 0x0000000100000000)
  eden space 194560K, 100% used [0x00000000e0000000,0x00000000ebe00000,0x00000000ebe00000)
  from space 19456K, 47% used [0x00000000ed400000,0x00000000edcfabf8,0x00000000ee700000)
  to   space 22528K, 0% used [0x00000000ebe00000,0x00000000ebe00000,0x00000000ed400000)
 ParOldGen       total 132608K, used 36129K [0x00000000a0000000, 0x00000000a8180000, 0x00000000e0000000)
  object space 132608K, 27% used [0x00000000a0000000,0x00000000a2348478,0x00000000a8180000)
 Metaspace       used 76563K, capacity 79602K, committed 79704K, reserved 1118208K
  class space    used 10198K, capacity 10794K, committed 10880K, reserved 1048576K
Event: 31.185 GC heap after
Heap after GC invocations=20 (full 3):
 PSYoungGen      total 217088K, used 13416K [0x00000000e0000000, 0x00000000eeb80000, 0x0000000100000000)
  eden space 194560K, 0% used [0x00000000e0000000,0x00000000e0000000,0x00000000ebe00000)
  from space 22528K, 59% used [0x00000000ebe00000,0x00000000ecb1a2a0,0x00000000ed400000)
  to   space 19456K, 0% used [0x00000000ed400000,0x00000000ed400000,0x00000000ee700000)
 ParOldGen       total 132608K, used 36137K [0x00000000a0000000, 0x00000000a8180000, 0x00000000e0000000)
  object space 132608K, 27% used [0x00000000a0000000,0x00000000a234a478,0x00000000a8180000)
 Metaspace       used 76563K, capacity 79602K, committed 79704K, reserved 1118208K
  class space    used 10198K, capacity 10794K, committed 10880K, reserved 1048576K
}

Deoptimization events (10 events):
Event: 29.171 Thread 0x000000001c9f6000 Uncommon trap: reason=unstable_if action=reinterpret pc=0x000000000458bd08 method=com.android.tools.r8.t.a.a.f.a(II[C)Ljava/lang/String; @ 32
Event: 29.171 Thread 0x000000001c9f6000 Uncommon trap: reason=unstable_if action=reinterpret pc=0x000000000454280c method=com.android.tools.r8.graph.DexString.<init>(Ljava/lang/String;)V @ 39
Event: 29.184 Thread 0x000000001c9f6000 Uncommon trap: reason=unstable_if action=reinterpret pc=0x000000000437b1c0 method=com.android.tools.r8.utils.t.a(I)Z @ 45
Event: 29.197 Thread 0x000000001c9f6000 Uncommon trap: reason=unstable_if action=reinterpret pc=0x00000000042c24a8 method=com.android.tools.r8.t.a.a.f.a(II[C)Ljava/lang/String; @ 32
Event: 29.396 Thread 0x000000001c9f6000 Uncommon trap: reason=unstable_if action=reinterpret pc=0x000000000392b780 method=com.android.tools.r8.graph.DexString.k()Ljava/lang/String; @ 56
Event: 29.975 Thread 0x000000001c9f6000 Uncommon trap: reason=class_check action=maybe_recompile pc=0x00000000049eb86c method=com.android.tools.r8.ir.conversion.U.a(Lcom/android/tools/r8/ir/conversion/T;)Z @ 4
Event: 30.257 Thread 0x00000000185a6800 Uncommon trap: reason=unstable_if action=reinterpret pc=0x0000000004d7e424 method=com.android.tools.r8.n.a.a.a.g.B0$e.contains(Ljava/lang/Object;)Z @ 124
Event: 31.570 Thread 0x000000001c9f6000 Uncommon trap: reason=unstable_if action=reinterpret pc=0x000000000512a90c method=com.android.tools.r8.ir.conversion.N.traceInstruction(ILcom/android/tools/r8/ir/conversion/IRBuilder;)I @ 193
Event: 31.571 Thread 0x000000001c9f6000 Uncommon trap: reason=unstable_if action=reinterpret pc=0x00000000036c88d4 method=java.util.Collections$SetFromMap.add(Ljava/lang/Object;)Z @ 13
Event: 32.060 Thread 0x00000000185a6800 Uncommon trap: reason=unstable_if action=reinterpret pc=0x00000000051fb404 method=com.android.tools.r8.ir.conversion.N.a(Lcom/android/tools/r8/t/a/a/G/a;Lcom/android/tools/r8/ir/conversion/IRBuilder;)V @ 817

Classes redefined (0 events):
No events

Internal exceptions (10 events):
Event: 30.055 Thread 0x000000001c9f4800 Exception <a 'sun/nio/fs/WindowsException'> (0x00000000e4c9d678) thrown at [D:\src\AOSP-openjdk-cygwin\jdk8u\hotspot\src\share\vm\prims\jni.cpp, line 710]
Event: 30.678 Thread 0x000000001c9f9000 Exception <a 'sun/nio/fs/WindowsException'> (0x00000000e8391148) thrown at [D:\src\AOSP-openjdk-cygwin\jdk8u\hotspot\src\share\vm\prims\jni.cpp, line 710]
Event: 30.707 Thread 0x00000000185a6800 Exception <a 'sun/nio/fs/WindowsException'> (0x00000000e8625888) thrown at [D:\src\AOSP-openjdk-cygwin\jdk8u\hotspot\src\share\vm\prims\jni.cpp, line 710]
Event: 30.790 Thread 0x000000001c9f4800 Exception <a 'sun/nio/fs/WindowsException'> (0x00000000e8298278) thrown at [D:\src\AOSP-openjdk-cygwin\jdk8u\hotspot\src\share\vm\prims\jni.cpp, line 710]
Event: 31.092 Thread 0x00000000185a6800 Exception <a 'sun/nio/fs/WindowsException'> (0x00000000e86b6540) thrown at [D:\src\AOSP-openjdk-cygwin\jdk8u\hotspot\src\share\vm\prims\jni.cpp, line 710]
Event: 31.390 Thread 0x00000000185a6800 Exception <a 'sun/nio/fs/WindowsException'> (0x00000000e15a1398) thrown at [D:\src\AOSP-openjdk-cygwin\jdk8u\hotspot\src\share\vm\prims\jni.cpp, line 710]
Event: 31.507 Thread 0x000000001c9f9000 Exception <a 'sun/nio/fs/WindowsException'> (0x00000000e2ee4740) thrown at [D:\src\AOSP-openjdk-cygwin\jdk8u\hotspot\src\share\vm\prims\jni.cpp, line 710]
Event: 31.805 Thread 0x000000001c9f4800 Exception <a 'sun/nio/fs/WindowsException'> (0x00000000e44c7308) thrown at [D:\src\AOSP-openjdk-cygwin\jdk8u\hotspot\src\share\vm\prims\jni.cpp, line 710]
Event: 31.994 Thread 0x000000001c9f9000 Exception <a 'sun/nio/fs/WindowsException'> (0x00000000e5160e98) thrown at [D:\src\AOSP-openjdk-cygwin\jdk8u\hotspot\src\share\vm\prims\jni.cpp, line 710]
Event: 32.039 Thread 0x00000000185a6800 Exception <a 'sun/nio/fs/WindowsException'> (0x00000000e4e445c0) thrown at [D:\src\AOSP-openjdk-cygwin\jdk8u\hotspot\src\share\vm\prims\jni.cpp, line 710]

Events (10 events):
Event: 31.571 Thread 0x000000001c9f6000 DEOPT UNPACKING pc=0x0000000002f2557b sp=0x0000000022e9a828 mode 2
Event: 31.720 Thread 0x000000001c9f6000 DEOPT PACKING pc=0x0000000004b3c255 sp=0x0000000022e9b1b0
Event: 31.720 Thread 0x000000001c9f6000 DEOPT UNPACKING pc=0x0000000002f275d0 sp=0x0000000022e9b1c8 mode 0
Event: 31.743 Thread 0x000000001c9f4800 DEOPT PACKING pc=0x000000000480cd91 sp=0x0000000022c9bac0
Event: 31.743 Thread 0x000000001c9f4800 DEOPT UNPACKING pc=0x0000000002f275d0 sp=0x0000000022c9b7b8 mode 0
Event: 31.995 Thread 0x000000001c9f9000 DEOPT PACKING pc=0x0000000004e3d8a5 sp=0x0000000022d9aca0
Event: 31.995 Thread 0x000000001c9f9000 DEOPT UNPACKING pc=0x0000000002f275d0 sp=0x0000000022d9aa80 mode 0
Event: 32.060 Thread 0x00000000185a6800 Uncommon trap: trap_request=0xffffff65 fr.pc=0x00000000051fb404
Event: 32.060 Thread 0x00000000185a6800 DEOPT PACKING pc=0x00000000051fb404 sp=0x000000001af08390
Event: 32.060 Thread 0x00000000185a6800 DEOPT UNPACKING pc=0x0000000002f2557b sp=0x000000001af083b0 mode 2


Dynamic libraries:
0x00007ff740db0000 - 0x00007ff740de1000 	C:\Program Files\Android\Android Studio\jre\bin\java.exe
0x00007ffd6d6c0000 - 0x00007ffd6d8b0000 	C:\Windows\SYSTEM32\ntdll.dll
0x00007ffd2e140000 - 0x00007ffd2e154000 	C:\Program Files\AVAST Software\Avast\aswhook.dll
0x00007ffd6b8e0000 - 0x00007ffd6b992000 	C:\Windows\System32\KERNEL32.DLL
0x00007ffd6aed0000 - 0x00007ffd6b173000 	C:\Windows\System32\KERNELBASE.dll
0x00007ffd6c130000 - 0x00007ffd6c1d3000 	C:\Windows\System32\ADVAPI32.dll
0x00007ffd6c9f0000 - 0x00007ffd6ca8e000 	C:\Windows\System32\msvcrt.dll
0x00007ffd6ba70000 - 0x00007ffd6bb07000 	C:\Windows\System32\sechost.dll
0x00007ffd6bf70000 - 0x00007ffd6c090000 	C:\Windows\System32\RPCRT4.dll
0x00007ffd6c850000 - 0x00007ffd6c9e4000 	C:\Windows\System32\USER32.dll
0x00007ffd6aea0000 - 0x00007ffd6aec1000 	C:\Windows\System32\win32u.dll
0x00007ffd6c820000 - 0x00007ffd6c846000 	C:\Windows\System32\GDI32.dll
0x00007ffd6b3e0000 - 0x00007ffd6b574000 	C:\Windows\System32\gdi32full.dll
0x00007ffd6b580000 - 0x00007ffd6b61e000 	C:\Windows\System32\msvcp_win.dll
0x00007ffd6b2b0000 - 0x00007ffd6b3aa000 	C:\Windows\System32\ucrtbase.dll
0x00007ffd5afd0000 - 0x00007ffd5b255000 	C:\Windows\WinSxS\amd64_microsoft.windows.common-controls_6595b64144ccf1df_6.0.18362.535_none_e6c3b34713100821\COMCTL32.dll
0x00007ffd6d190000 - 0x00007ffd6d4c6000 	C:\Windows\System32\combase.dll
0x00007ffd6b230000 - 0x00007ffd6b2b0000 	C:\Windows\System32\bcryptPrimitives.dll
0x00007ffd6c100000 - 0x00007ffd6c12e000 	C:\Windows\System32\IMM32.DLL
0x000000006c280000 - 0x000000006c352000 	C:\Program Files\Android\Android Studio\jre\jre\bin\msvcr100.dll
0x000000006a8b0000 - 0x000000006b0f6000 	C:\Program Files\Android\Android Studio\jre\jre\bin\server\jvm.dll
0x00007ffd6bcc0000 - 0x00007ffd6bcc8000 	C:\Windows\System32\PSAPI.DLL
0x00007ffd595b0000 - 0x00007ffd595b9000 	C:\Windows\SYSTEM32\WSOCK32.dll
0x00007ffd6c090000 - 0x00007ffd6c0ff000 	C:\Windows\System32\WS2_32.dll
0x00007ffd66ae0000 - 0x00007ffd66b04000 	C:\Windows\SYSTEM32\WINMM.dll
0x00007ffd63070000 - 0x00007ffd6307a000 	C:\Windows\SYSTEM32\VERSION.dll
0x00007ffd66ab0000 - 0x00007ffd66add000 	C:\Windows\SYSTEM32\WINMMBASE.dll
0x00007ffd6a670000 - 0x00007ffd6a6ba000 	C:\Windows\System32\cfgmgr32.dll
0x00007ffd67250000 - 0x00007ffd6725f000 	C:\Program Files\Android\Android Studio\jre\jre\bin\verify.dll
0x00007ffd5dda0000 - 0x00007ffd5ddc9000 	C:\Program Files\Android\Android Studio\jre\jre\bin\java.dll
0x00007ffd5dbb0000 - 0x00007ffd5dbc6000 	C:\Program Files\Android\Android Studio\jre\jre\bin\zip.dll
0x00007ffd6ca90000 - 0x00007ffd6d175000 	C:\Windows\System32\SHELL32.dll
0x00007ffd6c700000 - 0x00007ffd6c7a9000 	C:\Windows\System32\shcore.dll
0x00007ffd6a6c0000 - 0x00007ffd6ae3f000 	C:\Windows\System32\windows.storage.dll
0x00007ffd6a630000 - 0x00007ffd6a64f000 	C:\Windows\System32\profapi.dll
0x00007ffd6a5c0000 - 0x00007ffd6a60a000 	C:\Windows\System32\powrprof.dll
0x00007ffd6a590000 - 0x00007ffd6a5a0000 	C:\Windows\System32\UMPDC.dll
0x00007ffd6bf10000 - 0x00007ffd6bf62000 	C:\Windows\System32\shlwapi.dll
0x00007ffd6a610000 - 0x00007ffd6a621000 	C:\Windows\System32\kernel.appcore.dll
0x00007ffd6a650000 - 0x00007ffd6a667000 	C:\Windows\System32\cryptsp.dll
0x00007ffd5b490000 - 0x00007ffd5b4aa000 	C:\Program Files\Android\Android Studio\jre\jre\bin\net.dll
0x00007ffd69e00000 - 0x00007ffd69e67000 	C:\Windows\system32\mswsock.dll
0x00007ffd5adf0000 - 0x00007ffd5ae01000 	C:\Program Files\Android\Android Studio\jre\jre\bin\nio.dll
0x00007ffd4e010000 - 0x00007ffd4e036000 	C:\Users\Babol\.gradle\native\29\windows-amd64\native-platform.dll
0x00007ffd63390000 - 0x00007ffd6339d000 	C:\Program Files\Android\Android Studio\jre\jre\bin\management.dll
0x00007ffd69970000 - 0x00007ffd699a3000 	C:\Windows\system32\rsaenh.dll
0x00007ffd6b3b0000 - 0x00007ffd6b3d6000 	C:\Windows\System32\bcrypt.dll
0x00007ffd6a4b0000 - 0x00007ffd6a4d5000 	C:\Windows\SYSTEM32\USERENV.dll
0x00007ffd69fd0000 - 0x00007ffd69fdc000 	C:\Windows\SYSTEM32\CRYPTBASE.dll
0x00007ffd69b10000 - 0x00007ffd69b4a000 	C:\Windows\SYSTEM32\IPHLPAPI.DLL
0x00007ffd6b8d0000 - 0x00007ffd6b8d8000 	C:\Windows\System32\NSI.dll
0x00007ffd5d7d0000 - 0x00007ffd5d7e6000 	C:\Windows\SYSTEM32\dhcpcsvc6.DLL
0x00007ffd5f570000 - 0x00007ffd5f58c000 	C:\Windows\SYSTEM32\dhcpcsvc.DLL
0x00007ffd69b50000 - 0x00007ffd69c1a000 	C:\Windows\SYSTEM32\DNSAPI.dll

VM Arguments:
jvm_args: -Xmx1536m -Dfile.encoding=windows-1252 -Duser.country=US -Duser.language=en -Duser.variant 
java_command: org.gradle.launcher.daemon.bootstrap.GradleDaemon 5.4.1
java_class_path (initial): C:\Users\Babol\.gradle\wrapper\dists\gradle-5.4.1-all\3221gyojl5jsh0helicew7rwx\gradle-5.4.1\lib\gradle-launcher-5.4.1.jar
Launcher Type: SUN_STANDARD

Environment Variables:
JAVA_HOME=C:\Program Files\Java\jdk-13.0.1\bin
PATH=C:\Program Files (x86)\Common Files\Oracle\Java\javapath;C:\Program Files\Microsoft MPI\Bin\;C:\Windows\system32;C:\Windows;C:\Windows\System32\Wbem;C:\Windows\System32\WindowsPowerShell\v1.0\;C:\Windows\System32\OpenSSH\;C:\Program Files\Microsoft SQL Server\Client SDK\ODBC\130\Tools\Binn\;C:\Program Files (x86)\Microsoft SQL Server\140\Tools\Binn\;C:\Program Files\Microsoft SQL Server\140\Tools\Binn\;C:\Program Files\Microsoft SQL Server\140\DTS\Binn\;C:\Program Files (x86)\Microsoft SQL Server\150\DTS\Binn\;C:\Program Files (x86)\Rational\common;C:\Program Files\Git\cmd;C:\Users\Babol\AppData\Local\Microsoft\WindowsApps;C:\Users\Babol\AppData\Local\Programs\Microsoft VS Code\bin;C:\Program Files\Java\jdk-13.0.1\bin;C:\Program Files (x86)\Java\jdk1.8.0_202;
USERNAME=Babol
OS=Windows_NT
PROCESSOR_IDENTIFIER=Intel64 Family 6 Model 61 Stepping 4, GenuineIntel



---------------  S Y S T E M  ---------------

OS: Windows 10.0 , 64 bit Build 18362 (10.0.18362.329)

CPU:total 4 (initial active 4) (2 cores per cpu, 2 threads per core) family 6 model 61 stepping 4, cmov, cx8, fxsr, mmx, sse, sse2, sse3, ssse3, sse4.1, sse4.2, popcnt, avx, avx2, aes, clmul, erms, rtm, 3dnowpref, lzcnt, ht, tsc, tscinvbit, bmi1, bmi2, adx

Memory: 4k page, physical 8255888k(509044k free), swap 23802508k(17716k free)

vm_info: OpenJDK 64-Bit Server VM (25.202-b03) for windows-amd64 JRE (1.8.0_202-release-1483-b03), built by "builder" with MS VC++ 10.0 (VS2010)

time: Fri Feb 07 15:24:43 2020
timezone: SE Asia Standard Time
elapsed time: 32 seconds (0d 0h 0m 32s)

