#
# There is insufficient memory for the Java Runtime Environment to continue.
# Native memory allocation (malloc) failed to allocate 985296 bytes for Chunk::new
# Possible reasons:
#   The system is out of physical RAM or swap space
#   The process is running with CompressedOops enabled, and the Java Heap may be blocking the growth of the native heap
# Possible solutions:
#   Reduce memory load on the system
#   Increase physical memory or swap space
#   Check if swap backing store is full
#   Decrease Java heap size (-Xmx/-Xms)
#   Decrease number of Java threads
#   Decrease Java thread stack sizes (-Xss)
#   Set larger code cache with -XX:ReservedCodeCacheSize=
#   JVM is running with Unscaled Compressed Oops mode in which the Java heap is
#     placed in the first 4GB address space. The Java Heap base address is the
#     maximum limit for the native heap growth. Please use -XX:HeapBaseMinAddress
#     to set the Java Heap base and to place the Java Heap above 4GB virtual address.
# This output file may be truncated or incomplete.
#
#  Out of Memory Error (allocation.cpp:389), pid=7888, tid=0x0000000000002534
#
# JRE version: OpenJDK Runtime Environment (8.0_202-b03) (build 1.8.0_202-release-1483-b03)
# Java VM: OpenJDK 64-Bit Server VM (25.202-b03 mixed mode windows-amd64 compressed oops)
# Failed to write core dump. Minidumps are not enabled by default on client versions of Windows
#

---------------  T H R E A D  ---------------

Current thread (0x000000001658c800):  JavaThread "C2 CompilerThread0" daemon [_thread_in_native, id=9524, stack(0x0000000017c20000,0x0000000017d20000)]

Stack: [0x0000000017c20000,0x0000000017d20000]
[error occurred during error reporting (printing stack bounds), id 0xc0000005]

Native frames: (J=compiled Java code, j=interpreted, Vv=VM code, C=native code)


Current CompileTask:
C2:   6787 2263       4       org.codehaus.groovy.runtime.metaclass.MetaMethodIndex::addMethodToList (298 bytes)


---------------  P R O C E S S  ---------------

Java Threads: ( => current thread )
  0x0000000018673000 JavaThread "Cache worker for file hash cache (C:\Users\Babol\AndroidStudioProjects\MyApplication4\.gradle\5.4.1\fileHashes)" [_thread_blocked, id=12152, stack(0x000000001e980000,0x000000001ea80000)]
  0x0000000018676000 JavaThread "Cache worker for journal cache (C:\Users\Babol\.gradle\caches\journal-1)" [_thread_blocked, id=7644, stack(0x000000001b170000,0x000000001b270000)]
  0x0000000018678800 JavaThread "File lock request listener" [_thread_in_native, id=2444, stack(0x000000001b070000,0x000000001b170000)]
  0x0000000018675800 JavaThread "Cache worker for file hash cache (C:\Users\Babol\.gradle\caches\5.4.1\fileHashes)" [_thread_blocked, id=8820, stack(0x000000001af70000,0x000000001b070000)]
  0x000000001968d800 JavaThread "Thread-9" [_thread_blocked, id=8144, stack(0x000000001ae70000,0x000000001af70000)]
  0x000000001825c000 JavaThread "Stdin handler" [_thread_blocked, id=11824, stack(0x000000001ad70000,0x000000001ae70000)]
  0x0000000018258800 JavaThread "Asynchronous log dispatcher for DefaultDaemonConnection: socket connection from /127.0.0.1:5078 to /127.0.0.1:5079" [_thread_blocked, id=2772, stack(0x000000001ac70000,0x000000001ad70000)]
  0x00000000191a8800 JavaThread "Daemon worker" [_thread_in_vm, id=6800, stack(0x000000001ab70000,0x000000001ac70000)]
  0x00000000191a8000 JavaThread "Cancel handler" [_thread_blocked, id=12100, stack(0x000000001aa70000,0x000000001ab70000)]
  0x00000000185cf800 JavaThread "Handler for socket connection from /127.0.0.1:5078 to /127.0.0.1:5079" [_thread_in_native, id=2820, stack(0x000000001a770000,0x000000001a870000)]
  0x00000000185d1800 JavaThread "Daemon" [_thread_blocked, id=9596, stack(0x000000001a670000,0x000000001a770000)]
  0x0000000017fdb800 JavaThread "Daemon periodic checks" [_thread_blocked, id=10876, stack(0x000000001a570000,0x000000001a670000)]
  0x00000000182bb000 JavaThread "Incoming local TCP Connector on port 5078" [_thread_in_native, id=12092, stack(0x000000001a330000,0x000000001a430000)]
  0x000000001970a800 JavaThread "Daemon health stats" [_thread_blocked, id=5748, stack(0x0000000019cf0000,0x0000000019df0000)]
  0x0000000017f50800 JavaThread "Service Thread" daemon [_thread_blocked, id=1204, stack(0x0000000018320000,0x0000000018420000)]
  0x000000001659e800 JavaThread "C1 CompilerThread2" daemon [_thread_blocked, id=13020, stack(0x0000000017e20000,0x0000000017f20000)]
  0x0000000016591000 JavaThread "C2 CompilerThread1" daemon [_thread_in_native, id=11812, stack(0x0000000017d20000,0x0000000017e20000)]
=>0x000000001658c800 JavaThread "C2 CompilerThread0" daemon [_thread_in_native, id=9524, stack(0x0000000017c20000,0x0000000017d20000)]
  0x000000001658b000 JavaThread "Attach Listener" daemon [_thread_blocked, id=9204, stack(0x0000000017b20000,0x0000000017c20000)]
  0x0000000016589800 JavaThread "Signal Dispatcher" daemon [_thread_blocked, id=13280, stack(0x0000000017a20000,0x0000000017b20000)]
  0x0000000002c1b000 JavaThread "Finalizer" daemon [_thread_blocked, id=1484, stack(0x0000000017820000,0x0000000017920000)]
  0x0000000016579000 JavaThread "Reference Handler" daemon [_thread_blocked, id=6356, stack(0x0000000017720000,0x0000000017820000)]
  0x0000000002b1e800 JavaThread "main" [_thread_blocked, id=11360, stack(0x00000000029c0000,0x0000000002ac0000)]

Other Threads:
  0x0000000016556800 VMThread [stack: 0x0000000017620000,0x0000000017720000] [id=11108]
  0x00000000165ed000 WatcherThread [stack: 0x0000000018420000,0x0000000018520000] [id=11652]

VM state:not at safepoint (normal execution)

VM Mutex/Monitor currently owned by a thread: None

heap address: 0x00000000a0000000, size: 1536 MB, Compressed Oops mode: 32-bit
Narrow klass base: 0x0000000000000000, Narrow klass shift: 3
Compressed class space size: 1073741824 Address: 0x0000000100000000

Heap:
 PSYoungGen      total 75776K, used 20559K [0x00000000e0000000, 0x00000000e7b80000, 0x0000000100000000)
  eden space 65536K, 19% used [0x00000000e0000000,0x00000000e0c39c50,0x00000000e4000000)
  from space 10240K, 78% used [0x00000000e4000000,0x00000000e47da350,0x00000000e4a00000)
  to   space 10752K, 0% used [0x00000000e7100000,0x00000000e7100000,0x00000000e7b80000)
 ParOldGen       total 58880K, used 8440K [0x00000000a0000000, 0x00000000a3980000, 0x00000000e0000000)
  object space 58880K, 14% used [0x00000000a0000000,0x00000000a083e038,0x00000000a3980000)
 Metaspace       used 29732K, capacity 30304K, committed 30592K, reserved 1075200K
  class space    used 4016K, capacity 4202K, committed 4224K, reserved 1048576K

Card table byte_map: [0x0000000011fe0000,0x00000000122f0000] byte_map_base: 0x0000000011ae0000

Marking Bits: (ParMarkBitMap*) 0x000000006b079f30
 Begin Bits: [0x00000000128f0000, 0x00000000140f0000)
 End Bits:   [0x00000000140f0000, 0x00000000158f0000)

Polling page: 0x00000000012f0000

CodeCache: size=245760Kb used=8809Kb max_used=8821Kb free=236950Kb
 bounds [0x0000000002c20000, 0x00000000034d0000, 0x0000000011c20000]
 total_blobs=2976 nmethods=2300 adapters=589
 compilation: enabled

Compilation events (10 events):
Event: 6.758 Thread 0x0000000016591000 nmethod 2289 0x00000000034ab990 code [0x00000000034abac0, 0x00000000034abb78]
Event: 6.769 Thread 0x000000001659e800 2290   !   3       java.util.concurrent.locks.AbstractQueuedSynchronizer::acquireQueued (93 bytes)
Event: 6.770 Thread 0x000000001659e800 nmethod 2290 0x00000000034b7d90 code [0x00000000034b7fc0, 0x00000000034b8ad8]
Event: 6.772 Thread 0x000000001659e800 2291       3       java.util.Arrays::fill (21 bytes)
Event: 6.772 Thread 0x000000001659e800 nmethod 2291 0x00000000034b5c90 code [0x00000000034b5e00, 0x00000000034b5ff0]
Event: 6.777 Thread 0x000000001659e800 2292       3       org.gradle.internal.reflect.MutablePropertyDetails::addGetter (10 bytes)
Event: 6.777 Thread 0x000000001659e800 nmethod 2292 0x00000000034b7990 code [0x00000000034b7b00, 0x00000000034b7ca8]
Event: 6.778 Thread 0x000000001659e800 2293       3       java.lang.Class::getGenericSuperclass (28 bytes)
Event: 6.778 Thread 0x000000001659e800 nmethod 2293 0x00000000034b5610 code [0x00000000034b57a0, 0x00000000034b5b78]
Event: 6.778 Thread 0x000000001659e800 2294       3       java.lang.Class::getGenericInterfaces (21 bytes)

GC Heap History (10 events):
Event: 4.338 GC heap before
{Heap before GC invocations=4 (full 0):
 PSYoungGen      total 37888K, used 37857K [0x00000000e0000000, 0x00000000e2a00000, 0x0000000100000000)
  eden space 32768K, 100% used [0x00000000e0000000,0x00000000e2000000,0x00000000e2000000)
  from space 5120K, 99% used [0x00000000e2000000,0x00000000e24f84f8,0x00000000e2500000)
  to   space 5120K, 0% used [0x00000000e2500000,0x00000000e2500000,0x00000000e2a00000)
 ParOldGen       total 86016K, used 1768K [0x00000000a0000000, 0x00000000a5400000, 0x00000000e0000000)
  object space 86016K, 2% used [0x00000000a0000000,0x00000000a01ba170,0x00000000a5400000)
 Metaspace       used 15937K, capacity 16320K, committed 16512K, reserved 1062912K
  class space    used 2275K, capacity 2424K, committed 2432K, reserved 1048576K
Event: 4.351 GC heap after
Heap after GC invocations=4 (full 0):
 PSYoungGen      total 37888K, used 5088K [0x00000000e0000000, 0x00000000e2a00000, 0x0000000100000000)
  eden space 32768K, 0% used [0x00000000e0000000,0x00000000e0000000,0x00000000e2000000)
  from space 5120K, 99% used [0x00000000e2500000,0x00000000e29f8040,0x00000000e2a00000)
  to   space 5120K, 0% used [0x00000000e2000000,0x00000000e2000000,0x00000000e2500000)
 ParOldGen       total 86016K, used 4743K [0x00000000a0000000, 0x00000000a5400000, 0x00000000e0000000)
  object space 86016K, 5% used [0x00000000a0000000,0x00000000a04a1d10,0x00000000a5400000)
 Metaspace       used 15937K, capacity 16320K, committed 16512K, reserved 1062912K
  class space    used 2275K, capacity 2424K, committed 2432K, reserved 1048576K
}
Event: 5.100 GC heap before
{Heap before GC invocations=5 (full 0):
 PSYoungGen      total 37888K, used 37856K [0x00000000e0000000, 0x00000000e2a00000, 0x0000000100000000)
  eden space 32768K, 100% used [0x00000000e0000000,0x00000000e2000000,0x00000000e2000000)
  from space 5120K, 99% used [0x00000000e2500000,0x00000000e29f8040,0x00000000e2a00000)
  to   space 5120K, 0% used [0x00000000e2000000,0x00000000e2000000,0x00000000e2500000)
 ParOldGen       total 86016K, used 4743K [0x00000000a0000000, 0x00000000a5400000, 0x00000000e0000000)
  object space 86016K, 5% used [0x00000000a0000000,0x00000000a04a1d10,0x00000000a5400000)
 Metaspace       used 18948K, capacity 19464K, committed 19584K, reserved 1067008K
  class space    used 2746K, capacity 2926K, committed 2944K, reserved 1048576K
Event: 5.112 GC heap after
Heap after GC invocations=5 (full 0):
 PSYoungGen      total 37888K, used 5104K [0x00000000e0000000, 0x00000000e5500000, 0x0000000100000000)
  eden space 32768K, 0% used [0x00000000e0000000,0x00000000e0000000,0x00000000e2000000)
  from space 5120K, 99% used [0x00000000e2000000,0x00000000e24fc040,0x00000000e2500000)
  to   space 10752K, 0% used [0x00000000e4a80000,0x00000000e4a80000,0x00000000e5500000)
 ParOldGen       total 86016K, used 8386K [0x00000000a0000000, 0x00000000a5400000, 0x00000000e0000000)
  object space 86016K, 9% used [0x00000000a0000000,0x00000000a0830890,0x00000000a5400000)
 Metaspace       used 18948K, capacity 19464K, committed 19584K, reserved 1067008K
  class space    used 2746K, capacity 2926K, committed 2944K, reserved 1048576K
}
Event: 5.349 GC heap before
{Heap before GC invocations=6 (full 0):
 PSYoungGen      total 37888K, used 18829K [0x00000000e0000000, 0x00000000e5500000, 0x0000000100000000)
  eden space 32768K, 41% used [0x00000000e0000000,0x00000000e0d67610,0x00000000e2000000)
  from space 5120K, 99% used [0x00000000e2000000,0x00000000e24fc040,0x00000000e2500000)
  to   space 10752K, 0% used [0x00000000e4a80000,0x00000000e4a80000,0x00000000e5500000)
 ParOldGen       total 86016K, used 8386K [0x00000000a0000000, 0x00000000a5400000, 0x00000000e0000000)
  object space 86016K, 9% used [0x00000000a0000000,0x00000000a0830890,0x00000000a5400000)
 Metaspace       used 20700K, capacity 21134K, committed 21296K, reserved 1067008K
  class space    used 2954K, capacity 3119K, committed 3200K, reserved 1048576K
Event: 5.357 GC heap after
Heap after GC invocations=6 (full 0):
 PSYoungGen      total 75264K, used 7393K [0x00000000e0000000, 0x00000000e5400000, 0x0000000100000000)
  eden space 65536K, 0% used [0x00000000e0000000,0x00000000e0000000,0x00000000e4000000)
  from space 9728K, 76% used [0x00000000e4a80000,0x00000000e51b86a0,0x00000000e5400000)
  to   space 10240K, 0% used [0x00000000e4000000,0x00000000e4000000,0x00000000e4a00000)
 ParOldGen       total 86016K, used 8394K [0x00000000a0000000, 0x00000000a5400000, 0x00000000e0000000)
  object space 86016K, 9% used [0x00000000a0000000,0x00000000a0832890,0x00000000a5400000)
 Metaspace       used 20700K, capacity 21134K, committed 21296K, reserved 1067008K
  class space    used 2954K, capacity 3119K, committed 3200K, reserved 1048576K
}
Event: 5.357 GC heap before
{Heap before GC invocations=7 (full 1):
 PSYoungGen      total 75264K, used 7393K [0x00000000e0000000, 0x00000000e5400000, 0x0000000100000000)
  eden space 65536K, 0% used [0x00000000e0000000,0x00000000e0000000,0x00000000e4000000)
  from space 9728K, 76% used [0x00000000e4a80000,0x00000000e51b86a0,0x00000000e5400000)
  to   space 10240K, 0% used [0x00000000e4000000,0x00000000e4000000,0x00000000e4a00000)
 ParOldGen       total 86016K, used 8394K [0x00000000a0000000, 0x00000000a5400000, 0x00000000e0000000)
  object space 86016K, 9% used [0x00000000a0000000,0x00000000a0832890,0x00000000a5400000)
 Metaspace       used 20700K, capacity 21134K, committed 21296K, reserved 1067008K
  class space    used 2954K, capacity 3119K, committed 3200K, reserved 1048576K
Event: 5.410 GC heap after
Heap after GC invocations=7 (full 1):
 PSYoungGen      total 75264K, used 0K [0x00000000e0000000, 0x00000000e5400000, 0x0000000100000000)
  eden space 65536K, 0% used [0x00000000e0000000,0x00000000e0000000,0x00000000e4000000)
  from space 9728K, 0% used [0x00000000e4a80000,0x00000000e4a80000,0x00000000e5400000)
  to   space 10240K, 0% used [0x00000000e4000000,0x00000000e4000000,0x00000000e4a00000)
 ParOldGen       total 58880K, used 8432K [0x00000000a0000000, 0x00000000a3980000, 0x00000000e0000000)
  object space 58880K, 14% used [0x00000000a0000000,0x00000000a083c038,0x00000000a3980000)
 Metaspace       used 20700K, capacity 21134K, committed 21296K, reserved 1067008K
  class space    used 2954K, capacity 3119K, committed 3200K, reserved 1048576K
}
Event: 6.559 GC heap before
{Heap before GC invocations=8 (full 1):
 PSYoungGen      total 75264K, used 65536K [0x00000000e0000000, 0x00000000e5400000, 0x0000000100000000)
  eden space 65536K, 100% used [0x00000000e0000000,0x00000000e4000000,0x00000000e4000000)
  from space 9728K, 0% used [0x00000000e4a80000,0x00000000e4a80000,0x00000000e5400000)
  to   space 10240K, 0% used [0x00000000e4000000,0x00000000e4000000,0x00000000e4a00000)
 ParOldGen       total 58880K, used 8432K [0x00000000a0000000, 0x00000000a3980000, 0x00000000e0000000)
  object space 58880K, 14% used [0x00000000a0000000,0x00000000a083c038,0x00000000a3980000)
 Metaspace       used 28993K, capacity 29538K, committed 29696K, reserved 1075200K
  class space    used 3907K, capacity 4096K, committed 4096K, reserved 1048576K
Event: 6.572 GC heap after
Heap after GC invocations=8 (full 1):
 PSYoungGen      total 75776K, used 8040K [0x00000000e0000000, 0x00000000e7b80000, 0x0000000100000000)
  eden space 65536K, 0% used [0x00000000e0000000,0x00000000e0000000,0x00000000e4000000)
  from space 10240K, 78% used [0x00000000e4000000,0x00000000e47da350,0x00000000e4a00000)
  to   space 10752K, 0% used [0x00000000e7100000,0x00000000e7100000,0x00000000e7b80000)
 ParOldGen       total 58880K, used 8440K [0x00000000a0000000, 0x00000000a3980000, 0x00000000e0000000)
  object space 58880K, 14% used [0x00000000a0000000,0x00000000a083e038,0x00000000a3980000)
 Metaspace       used 28993K, capacity 29538K, committed 29696K, reserved 1075200K
  class space    used 3907K, capacity 4096K, committed 4096K, reserved 1048576K
}

Deoptimization events (10 events):
Event: 6.170 Thread 0x00000000191a8800 Uncommon trap: reason=unstable_if action=reinterpret pc=0x0000000002e120e8 method=java.util.HashMap.hash(Ljava/lang/Object;)I @ 1
Event: 6.245 Thread 0x00000000191a8800 Uncommon trap: reason=unstable_if action=reinterpret pc=0x0000000002e938c0 method=java.util.HashMap.getNode(ILjava/lang/Object;)Ljava/util/HashMap$Node; @ 53
Event: 6.245 Thread 0x00000000191a8800 Uncommon trap: reason=unstable_if action=reinterpret pc=0x000000000308445c method=java.util.HashMap.hash(Ljava/lang/Object;)I @ 1
Event: 6.245 Thread 0x00000000191a8800 Uncommon trap: reason=unstable_if action=reinterpret pc=0x00000000031bd0d8 method=java.util.HashMap.putVal(ILjava/lang/Object;Ljava/lang/Object;ZZ)Ljava/lang/Object; @ 85
Event: 6.315 Thread 0x00000000191a8800 Uncommon trap: reason=unstable_if action=reinterpret pc=0x0000000002f06830 method=java.util.LinkedHashMap.afterNodeInsertion(Z)V @ 1
Event: 6.521 Thread 0x00000000191a8800 Uncommon trap: reason=unstable_if action=reinterpret pc=0x000000000342cea8 method=java.util.WeakHashMap.put(Ljava/lang/Object;Ljava/lang/Object;)Ljava/lang/Object; @ 72
Event: 6.573 Thread 0x0000000016579000 Uncommon trap: reason=unstable_if action=reinterpret pc=0x00000000031c7cfc method=java.lang.ref.Reference.tryHandlePending(Z)Z @ 104
Event: 6.599 Thread 0x00000000191a8800 Uncommon trap: reason=class_check action=maybe_recompile pc=0x000000000322c080 method=sun.misc.URLClassPath.getLoader(I)Lsun/misc/URLClassPath$Loader; @ 94
Event: 6.607 Thread 0x00000000191a8800 Uncommon trap: reason=class_check action=maybe_recompile pc=0x0000000003225370 method=sun.misc.URLClassPath.getLoader(I)Lsun/misc/URLClassPath$Loader; @ 239
Event: 6.741 Thread 0x00000000191a8800 Uncommon trap: reason=unstable_if action=reinterpret pc=0x0000000002ed8c4c method=java.io.WinNTFileSystem.resolve(Ljava/lang/String;Ljava/lang/String;)Ljava/lang/String; @ 49

Classes redefined (0 events):
No events

Internal exceptions (10 events):
Event: 6.637 Thread 0x00000000191a8800 Exception <a 'java/security/PrivilegedActionException'> (0x00000000e03bac48) thrown at [D:\src\AOSP-openjdk-cygwin\jdk8u\hotspot\src\share\vm\prims\jvm.cpp, line 1508]
Event: 6.638 Thread 0x00000000191a8800 Exception <a 'java/security/PrivilegedActionException'> (0x00000000e03c6590) thrown at [D:\src\AOSP-openjdk-cygwin\jdk8u\hotspot\src\share\vm\prims\jvm.cpp, line 1508]
Event: 6.638 Thread 0x00000000191a8800 Exception <a 'java/security/PrivilegedActionException'> (0x00000000e03c7128) thrown at [D:\src\AOSP-openjdk-cygwin\jdk8u\hotspot\src\share\vm\prims\jvm.cpp, line 1508]
Event: 6.639 Thread 0x00000000191a8800 Exception <a 'java/security/PrivilegedActionException'> (0x00000000e03d1400) thrown at [D:\src\AOSP-openjdk-cygwin\jdk8u\hotspot\src\share\vm\prims\jvm.cpp, line 1508]
Event: 6.639 Thread 0x00000000191a8800 Exception <a 'java/security/PrivilegedActionException'> (0x00000000e03d1f98) thrown at [D:\src\AOSP-openjdk-cygwin\jdk8u\hotspot\src\share\vm\prims\jvm.cpp, line 1508]
Event: 6.639 Thread 0x00000000191a8800 Exception <a 'java/lang/ClassNotFoundException': groovy/lang/Closure$1Customizer> (0x00000000e03daab8) thrown at [D:\src\AOSP-openjdk-cygwin\jdk8u\hotspot\src\share\vm\classfile\systemDictionary.cpp, line 210]
Event: 6.713 Thread 0x00000000191a8800 Exception <a 'java/lang/ClassNotFoundException': org/gradle/internal/metaobject/ConfigureDelegateBeanInfo> (0x00000000e06415a0) thrown at [D:\src\AOSP-openjdk-cygwin\jdk8u\hotspot\src\share\vm\classfile\systemDictionary.cpp, line 210]
Event: 6.714 Thread 0x00000000191a8800 Exception <a 'java/lang/ClassNotFoundException': org/gradle/internal/metaobject/ConfigureDelegateCustomizer> (0x00000000e066b280) thrown at [D:\src\AOSP-openjdk-cygwin\jdk8u\hotspot\src\share\vm\classfile\systemDictionary.cpp, line 210]
Event: 6.721 Thread 0x00000000191a8800 Exception <a 'java/lang/ClassNotFoundException': org/gradle/api/internal/initialization/DefaultScriptHandlerBeanInfo> (0x00000000e06e3828) thrown at [D:\src\AOSP-openjdk-cygwin\jdk8u\hotspot\src\share\vm\classfile\systemDictionary.cpp, line 210]
Event: 6.722 Thread 0x00000000191a8800 Exception <a 'java/lang/ClassNotFoundException': org/gradle/api/internal/initialization/DefaultScriptHandlerCustomizer> (0x00000000e0713e50) thrown at [D:\src\AOSP-openjdk-cygwin\jdk8u\hotspot\src\share\vm\classfile\systemDictionary.cpp, line 210]

Events (10 events):
Event: 6.775 loading class org/gradle/api/artifacts/repositories/FlatDirectoryArtifactRepository
Event: 6.775 loading class org/gradle/api/artifacts/repositories/FlatDirectoryArtifactRepository done
Event: 6.775 loading class org/gradle/api/artifacts/repositories/MavenArtifactRepository
Event: 6.775 loading class org/gradle/api/artifacts/repositories/MavenArtifactRepository done
Event: 6.776 loading class org/gradle/api/artifacts/repositories/AuthenticationSupported
Event: 6.776 loading class org/gradle/api/artifacts/repositories/AuthenticationSupported done
Event: 6.776 loading class org/gradle/api/artifacts/repositories/MetadataSupplierAware
Event: 6.776 loading class org/gradle/api/artifacts/repositories/MetadataSupplierAware done
Event: 6.776 loading class org/gradle/api/artifacts/repositories/IvyArtifactRepository
Event: 6.776 loading class org/gradle/api/artifacts/repositories/IvyArtifactRepository done


Dynamic libraries:
0x00007ff740db0000 - 0x00007ff740de1000 	C:\Program Files\Android\Android Studio\jre\bin\java.exe
0x00007ffd6d6c0000 - 0x00007ffd6d8b0000 	C:\Windows\SYSTEM32\ntdll.dll
0x00007ffd2e140000 - 0x00007ffd2e154000 	C:\Program Files\AVAST Software\Avast\aswhook.dll
0x00007ffd6b8e0000 - 0x00007ffd6b992000 	C:\Windows\System32\KERNEL32.DLL
0x00007ffd6aed0000 - 0x00007ffd6b173000 	C:\Windows\System32\KERNELBASE.dll
0x00007ffd6c130000 - 0x00007ffd6c1d3000 	C:\Windows\System32\ADVAPI32.dll
0x00007ffd6c9f0000 - 0x00007ffd6ca8e000 	C:\Windows\System32\msvcrt.dll
0x00007ffd6ba70000 - 0x00007ffd6bb07000 	C:\Windows\System32\sechost.dll
0x00007ffd6bf70000 - 0x00007ffd6c090000 	C:\Windows\System32\RPCRT4.dll
0x00007ffd6c850000 - 0x00007ffd6c9e4000 	C:\Windows\System32\USER32.dll
0x00007ffd6aea0000 - 0x00007ffd6aec1000 	C:\Windows\System32\win32u.dll
0x00007ffd6c820000 - 0x00007ffd6c846000 	C:\Windows\System32\GDI32.dll
0x00007ffd6b3e0000 - 0x00007ffd6b574000 	C:\Windows\System32\gdi32full.dll
0x00007ffd6b580000 - 0x00007ffd6b61e000 	C:\Windows\System32\msvcp_win.dll
0x00007ffd6b2b0000 - 0x00007ffd6b3aa000 	C:\Windows\System32\ucrtbase.dll
0x00007ffd5afd0000 - 0x00007ffd5b255000 	C:\Windows\WinSxS\amd64_microsoft.windows.common-controls_6595b64144ccf1df_6.0.18362.535_none_e6c3b34713100821\COMCTL32.dll
0x00007ffd6d190000 - 0x00007ffd6d4c6000 	C:\Windows\System32\combase.dll
0x00007ffd6b230000 - 0x00007ffd6b2b0000 	C:\Windows\System32\bcryptPrimitives.dll
0x00007ffd6c100000 - 0x00007ffd6c12e000 	C:\Windows\System32\IMM32.DLL
0x000000006c280000 - 0x000000006c352000 	C:\Program Files\Android\Android Studio\jre\jre\bin\msvcr100.dll
0x000000006a8b0000 - 0x000000006b0f6000 	C:\Program Files\Android\Android Studio\jre\jre\bin\server\jvm.dll
0x00007ffd6bcc0000 - 0x00007ffd6bcc8000 	C:\Windows\System32\PSAPI.DLL
0x00007ffd595b0000 - 0x00007ffd595b9000 	C:\Windows\SYSTEM32\WSOCK32.dll
0x00007ffd6c090000 - 0x00007ffd6c0ff000 	C:\Windows\System32\WS2_32.dll
0x00007ffd66ae0000 - 0x00007ffd66b04000 	C:\Windows\SYSTEM32\WINMM.dll
0x00007ffd63070000 - 0x00007ffd6307a000 	C:\Windows\SYSTEM32\VERSION.dll
0x00007ffd66ab0000 - 0x00007ffd66add000 	C:\Windows\SYSTEM32\WINMMBASE.dll
0x00007ffd6a670000 - 0x00007ffd6a6ba000 	C:\Windows\System32\cfgmgr32.dll
0x00007ffd67250000 - 0x00007ffd6725f000 	C:\Program Files\Android\Android Studio\jre\jre\bin\verify.dll
0x00007ffd5dda0000 - 0x00007ffd5ddc9000 	C:\Program Files\Android\Android Studio\jre\jre\bin\java.dll
0x00007ffd5dbb0000 - 0x00007ffd5dbc6000 	C:\Program Files\Android\Android Studio\jre\jre\bin\zip.dll
0x00007ffd6ca90000 - 0x00007ffd6d175000 	C:\Windows\System32\SHELL32.dll
0x00007ffd6c700000 - 0x00007ffd6c7a9000 	C:\Windows\System32\shcore.dll
0x00007ffd6a6c0000 - 0x00007ffd6ae3f000 	C:\Windows\System32\windows.storage.dll
0x00007ffd6a630000 - 0x00007ffd6a64f000 	C:\Windows\System32\profapi.dll
0x00007ffd6a5c0000 - 0x00007ffd6a60a000 	C:\Windows\System32\powrprof.dll
0x00007ffd6a590000 - 0x00007ffd6a5a0000 	C:\Windows\System32\UMPDC.dll
0x00007ffd6bf10000 - 0x00007ffd6bf62000 	C:\Windows\System32\shlwapi.dll
0x00007ffd6a610000 - 0x00007ffd6a621000 	C:\Windows\System32\kernel.appcore.dll
0x00007ffd6a650000 - 0x00007ffd6a667000 	C:\Windows\System32\cryptsp.dll
0x00007ffd5b490000 - 0x00007ffd5b4aa000 	C:\Program Files\Android\Android Studio\jre\jre\bin\net.dll
0x00007ffd69e00000 - 0x00007ffd69e67000 	C:\Windows\system32\mswsock.dll
0x00007ffd5adf0000 - 0x00007ffd5ae01000 	C:\Program Files\Android\Android Studio\jre\jre\bin\nio.dll
0x00007ffd4e010000 - 0x00007ffd4e036000 	C:\Users\Babol\.gradle\native\29\windows-amd64\native-platform.dll
0x00007ffd63390000 - 0x00007ffd6339d000 	C:\Program Files\Android\Android Studio\jre\jre\bin\management.dll
0x00007ffd69970000 - 0x00007ffd699a3000 	C:\Windows\system32\rsaenh.dll
0x00007ffd6b3b0000 - 0x00007ffd6b3d6000 	C:\Windows\System32\bcrypt.dll
0x00007ffd6a4b0000 - 0x00007ffd6a4d5000 	C:\Windows\SYSTEM32\USERENV.dll
0x00007ffd69fd0000 - 0x00007ffd69fdc000 	C:\Windows\SYSTEM32\CRYPTBASE.dll
0x00007ffd69b10000 - 0x00007ffd69b4a000 	C:\Windows\SYSTEM32\IPHLPAPI.DLL
0x00007ffd6b8d0000 - 0x00007ffd6b8d8000 	C:\Windows\System32\NSI.dll
0x00007ffd5d7d0000 - 0x00007ffd5d7e6000 	C:\Windows\SYSTEM32\dhcpcsvc6.DLL
0x00007ffd5f570000 - 0x00007ffd5f58c000 	C:\Windows\SYSTEM32\dhcpcsvc.DLL
0x00007ffd69b50000 - 0x00007ffd69c1a000 	C:\Windows\SYSTEM32\DNSAPI.dll

VM Arguments:
jvm_args: -Xmx1536m -Dfile.encoding=windows-1252 -Duser.country=US -Duser.language=en -Duser.variant 
java_command: org.gradle.launcher.daemon.bootstrap.GradleDaemon 5.4.1
java_class_path (initial): C:\Users\Babol\.gradle\wrapper\dists\gradle-5.4.1-all\3221gyojl5jsh0helicew7rwx\gradle-5.4.1\lib\gradle-launcher-5.4.1.jar
Launcher Type: SUN_STANDARD

Environment Variables:
JAVA_HOME=C:\Program Files\Java\jdk-13.0.1\bin
PATH=C:\Program Files (x86)\Common Files\Oracle\Java\javapath;C:\Program Files\Microsoft MPI\Bin\;C:\Windows\system32;C:\Windows;C:\Windows\System32\Wbem;C:\Windows\System32\WindowsPowerShell\v1.0\;C:\Windows\System32\OpenSSH\;C:\Program Files\Microsoft SQL Server\Client SDK\ODBC\130\Tools\Binn\;C:\Program Files (x86)\Microsoft SQL Server\140\Tools\Binn\;C:\Program Files\Microsoft SQL Server\140\Tools\Binn\;C:\Program Files\Microsoft SQL Server\140\DTS\Binn\;C:\Program Files (x86)\Microsoft SQL Server\150\DTS\Binn\;C:\Program Files (x86)\Rational\common;C:\Program Files\Git\cmd;C:\Users\Babol\AppData\Local\Microsoft\WindowsApps;C:\Users\Babol\AppData\Local\Programs\Microsoft VS Code\bin;C:\Program Files\Java\jdk-13.0.1\bin;C:\Program Files (x86)\Java\jdk1.8.0_202;
USERNAME=Babol
OS=Windows_NT
PROCESSOR_IDENTIFIER=Intel64 Family 6 Model 61 Stepping 4, GenuineIntel



---------------  S Y S T E M  ---------------

OS: Windows 10.0 , 64 bit Build 18362 (10.0.18362.329)

CPU:total 4 (initial active 4) (2 cores per cpu, 2 threads per core) family 6 model 61 stepping 4, cmov, cx8, fxsr, mmx, sse, sse2, sse3, ssse3, sse4.1, sse4.2, popcnt, avx, avx2, aes, clmul, erms, rtm, 3dnowpref, lzcnt, ht, tsc, tscinvbit, bmi1, bmi2, adx

Memory: 4k page, physical 8255888k(595728k free), swap 23802508k(5916k free)

vm_info: OpenJDK 64-Bit Server VM (25.202-b03) for windows-amd64 JRE (1.8.0_202-release-1483-b03), built by "builder" with MS VC++ 10.0 (VS2010)

time: Fri Feb 07 15:27:16 2020
timezone: SE Asia Standard Time
elapsed time: 6 seconds (0d 0h 0m 6s)

